#
# A fatal error has been detected by the Java Runtime Environment:
#
#  EXCEPTION_ACCESS_VIOLATION (0xc0000005) at pc=0x000000006900b87e, pid=4596, tid=8748
#
# JRE version: Java(TM) SE Runtime Environment (7.0_55-b13) (build 1.7.0_55-b13)
# Java VM: Java HotSpot(TM) 64-Bit Server VM (24.55-b03 mixed mode windows-amd64 compressed oops)
# Problematic frame:
# C  [atio6axx.dll+0x41b87e]
#
# Failed to write core dump. Minidumps are not enabled by default on client versions of Windows
#
# If you would like to submit a bug report, please visit:
#   http://bugreport.sun.com/bugreport/crash.jsp
# The crash happened outside the Java Virtual Machine in native code.
# See problematic frame for where to report the bug.
#

---------------  T H R E A D  ---------------

Current thread (0x00000000021fc000):  JavaThread "Client thread" [_thread_in_native, id=8748, stack(0x0000000002550000,0x0000000002650000)]

siginfo: ExceptionCode=0xc0000005, reading address 0x0000000000000000

Registers:
RAX=0x0000000000000000, RBX=0x00000000195e8760, RCX=0x0000000000000008, RDX=0x0000000000000003
RSP=0x000000000264e150, RBP=0x00000004c983d520, RSI=0x000000006a5ec000, RDI=0x00000004c983d520
R8 =0x0000000000000042, R9 =0x0000000000000042, R10=0x00000000c0000017, R11=0x0000000000000286
R12=0x0000000000000000, R13=0x0000000000000090, R14=0x00000004c983d520, R15=0x0000000000000007
RIP=0x000000006900b87e, EFLAGS=0x0000000000010202

Top of Stack: (sp=0x000000000264e150)
0x000000000264e150:   0000000000000000 00000000195e8760
0x000000000264e160:   00000004c983d520 000000006a5ec000
0x000000000264e170:   0000000000000000 0000000000000000
0x000000000264e180:   0000000000000004 000000006a5ec000
0x000000000264e190:   000000006a60e698 0000000068e18e36
0x000000000264e1a0:   0000000000000000 000000006a5ec040
0x000000000264e1b0:   0000000000000007 0000000000000004
0x000000000264e1c0:   000000001a5f0040 0000000069119e8b
0x000000000264e1d0:   0000000000000000 0000000000000000
0x000000000264e1e0:   0000000000000000 0000000000000000
0x000000000264e1f0:   000000006a60e698 000000ff00000020
0x000000000264e200:   0000000000000000 00000000021fc000
0x000000000264e210:   000000000264e290 000000000264e2a0
0x000000000264e220:   0000000000000000 0000000002c76cb4
0x000000000264e230:   0000000000000007 000007fee1c1b640
0x000000000264e240:   000007fee1c1b590 0000000000000000 

Instructions: (pc=0x000000006900b87e)
0x000000006900b85e:   4e 28 48 8d 54 24 20 41 b8 18 00 00 00 e8 30 64
0x000000006900b86e:   e0 ff 48 8b 4c 24 28 48 8b 44 24 20 48 83 c1 08
0x000000006900b87e:   48 03 08 75 11 8d 51 03 44 8d 41 42 48 8b 0e e8
0x000000006900b88e:   1e 3f db ff eb 15 48 8d 05 05 e1 f9 ff c7 41 08 


Register to memory mapping:

RAX=0x0000000000000000 is an unknown value
RBX=0x00000000195e8760 is an unknown value
RCX=0x0000000000000008 is an unknown value
RDX=0x0000000000000003 is an unknown value
RSP=0x000000000264e150 is pointing into the stack for thread: 0x00000000021fc000
RBP=0x00000004c983d520 is an unknown value
RSI=0x000000006a5ec000 is an unknown value
RDI=0x00000004c983d520 is an unknown value
R8 =0x0000000000000042 is an unknown value
R9 =0x0000000000000042 is an unknown value
R10=0x00000000c0000017 is an unknown value
R11=0x0000000000000286 is an unknown value
R12=0x0000000000000000 is an unknown value
R13=0x0000000000000090 is an unknown value
R14=0x00000004c983d520 is an unknown value
R15=0x0000000000000007 is an unknown value


Stack: [0x0000000002550000,0x0000000002650000],  sp=0x000000000264e150,  free space=1016k
Native frames: (J=compiled Java code, j=interpreted, Vv=VM code, C=native code)
C  [atio6axx.dll+0x41b87e]

Java frames: (J=compiled Java code, j=interpreted, Vv=VM code)
J  org.lwjgl.opengl.GL11.nglDrawArrays(IIIJ)V
J  net.minecraft.client.renderer.Tessellator.draw()I
J  net.minecraft.client.model.TexturedQuad.draw(Lnet/minecraft/client/renderer/Tessellator;F)V
J  net.minecraft.client.model.ModelBox.render(Lnet/minecraft/client/renderer/Tessellator;F)V
J  net.minecraft.client.model.ModelRenderer.render(F)V
J  net.minecraft.client.model.ModelRenderer.render(F)V
J  net.minecraft.client.model.ModelRenderer.render(F)V
J  witchinggadgets.client.render.ModelPrimordialArmor.render(Lnet/minecraft/entity/Entity;FFFFFF)V
J  net.minecraft.client.renderer.entity.RendererLivingEntity.doRender(Lnet/minecraft/entity/EntityLivingBase;DDDFF)V
J  net.minecraft.client.renderer.entity.RenderPlayer.doRender(Lnet/minecraft/entity/Entity;DDDFF)V
J  net.minecraft.client.renderer.entity.RenderManager.func_147939_a(Lnet/minecraft/entity/Entity;DDDFFZ)Z
J  net.minecraft.client.renderer.entity.RenderManager.renderEntitySimple(Lnet/minecraft/entity/Entity;F)Z
J  net.minecraft.client.renderer.RenderGlobal.renderEntities(Lnet/minecraft/entity/EntityLivingBase;Lnet/minecraft/client/renderer/culling/ICamera;F)V
J  net.minecraft.client.renderer.EntityRenderer.renderWorld(FJ)V
J  net.minecraft.client.renderer.EntityRenderer.updateCameraAndRender(F)V
J  net.minecraft.client.Minecraft.runGameLoop()V
J  net.minecraft.client.Minecraft.run()V
j  net.minecraft.client.main.Main.main([Ljava/lang/String;)V+998
v  ~StubRoutines::call_stub
j  sun.reflect.NativeMethodAccessorImpl.invoke0(Ljava/lang/reflect/Method;Ljava/lang/Object;[Ljava/lang/Object;)Ljava/lang/Object;+0
j  sun.reflect.NativeMethodAccessorImpl.invoke(Ljava/lang/Object;[Ljava/lang/Object;)Ljava/lang/Object;+87
j  sun.reflect.DelegatingMethodAccessorImpl.invoke(Ljava/lang/Object;[Ljava/lang/Object;)Ljava/lang/Object;+6
j  java.lang.reflect.Method.invoke(Ljava/lang/Object;[Ljava/lang/Object;)Ljava/lang/Object;+57
j  net.minecraft.launchwrapper.Launch.launch([Ljava/lang/String;)V+664
j  net.minecraft.launchwrapper.Launch.main([Ljava/lang/String;)V+8
j  net.minecraftforge.gradle.GradleStartCommon.launch([Ljava/lang/String;)V+97
j  GradleStart.main([Ljava/lang/String;)V+11
v  ~StubRoutines::call_stub

---------------  P R O C E S S  ---------------

Java Threads: ( => current thread )
  0x0000000059cfb800 JavaThread "Thread-24" [_thread_blocked, id=3032, stack(0x0000000130640000,0x0000000130740000)]
  0x0000000013c9e000 JavaThread "Thread-23" [_thread_blocked, id=8408, stack(0x0000000043f60000,0x0000000044060000)]
  0x0000000059cf8800 JavaThread "Netty IO #3" daemon [_thread_in_native, id=2808, stack(0x00000002bbd50000,0x00000002bbe50000)]
  0x0000000013c9f000 JavaThread "Netty Client IO #1" daemon [_thread_in_native, id=5560, stack(0x0000000295220000,0x0000000295320000)]
  0x0000000013ca8000 JavaThread "Netty IO #2" daemon [_thread_in_native, id=8060, stack(0x00000002bbc40000,0x00000002bbd40000)]
  0x0000000013c9c000 JavaThread "Server thread" [_thread_blocked, id=2232, stack(0x00000000769f0000,0x0000000076af0000)]
  0x0000000013c9f800 JavaThread "Snooper Timer" daemon [_thread_blocked, id=8360, stack(0x000000001ebe0000,0x000000001ece0000)]
  0x0000000013ca4000 JavaThread "File IO Thread" [_thread_blocked, id=5960, stack(0x00000000682c0000,0x00000000683c0000)]
  0x0000000013ca2800 JavaThread "Chunk I/O Executor Thread-1" daemon [_thread_blocked, id=1680, stack(0x0000000061cb0000,0x0000000061db0000)]
  0x0000000013ca2000 JavaThread "Netty IO #1" daemon [_thread_in_native, id=7880, stack(0x0000000061b80000,0x0000000061c80000)]
  0x0000000013ca1000 JavaThread "Netty Client IO #0" daemon [_thread_in_native, id=8320, stack(0x0000000045de0000,0x0000000045ee0000)]
  0x0000000013ca0800 JavaThread "Netty IO #0" daemon [_thread_in_native, id=4396, stack(0x00000000217a0000,0x00000000218a0000)]
  0x0000000013c9c800 JavaThread "LWJGL Timer" daemon [_thread_blocked, id=4136, stack(0x00000000444c0000,0x00000000445c0000)]
  0x0000000013c9d800 JavaThread "AWT-Windows" daemon [_thread_in_native, id=8348, stack(0x00000000229d0000,0x0000000022ad0000)]
  0x000000001506a800 JavaThread "Java2D Disposer" daemon [_thread_blocked, id=5188, stack(0x0000000016e20000,0x0000000016f20000)]
  0x0000000014804000 JavaThread "Timer hack thread" daemon [_thread_blocked, id=4348, stack(0x00000000182b0000,0x00000000183b0000)]
  0x000000001454f000 JavaThread "Snooper Timer" daemon [_thread_blocked, id=8076, stack(0x0000000016ce0000,0x0000000016de0000)]
  0x000000001145f800 JavaThread "Service Thread" daemon [_thread_blocked, id=8600, stack(0x00000000137a0000,0x00000000138a0000)]
  0x000000001145f000 JavaThread "C2 CompilerThread1" daemon [_thread_blocked, id=5216, stack(0x0000000013510000,0x0000000013610000)]
  0x000000001145d800 JavaThread "C2 CompilerThread0" daemon [_thread_blocked, id=3836, stack(0x0000000012870000,0x0000000012970000)]
  0x000000001144b000 JavaThread "JDWP Command Reader" daemon [_thread_in_native, id=8624, stack(0x0000000013350000,0x0000000013450000)]
  0x0000000011444000 JavaThread "JDWP Event Helper Thread" daemon [_thread_blocked, id=5812, stack(0x0000000012eb0000,0x0000000012fb0000)]
  0x000000001039f000 JavaThread "JDWP Transport Listener: dt_socket" daemon [_thread_blocked, id=6292, stack(0x0000000013110000,0x0000000013210000)]
  0x0000000010397800 JavaThread "Attach Listener" daemon [_thread_blocked, id=7840, stack(0x0000000012a80000,0x0000000012b80000)]
  0x0000000010397000 JavaThread "Signal Dispatcher" daemon [_thread_blocked, id=8356, stack(0x0000000012970000,0x0000000012a70000)]
  0x0000000010383000 JavaThread "Finalizer" daemon [_thread_blocked, id=9076, stack(0x0000000012730000,0x0000000012830000)]
  0x0000000010380000 JavaThread "Reference Handler" daemon [_thread_blocked, id=7212, stack(0x00000000125c0000,0x00000000126c0000)]
=>0x00000000021fc000 JavaThread "Client thread" [_thread_in_native, id=8748, stack(0x0000000002550000,0x0000000002650000)]

Other Threads:
  0x000000001037d000 VMThread [stack: 0x0000000012360000,0x0000000012460000] [id=7372]
  0x0000000011484000 WatcherThread [stack: 0x0000000013240000,0x0000000013340000] [id=8492]

VM state:not at safepoint (normal execution)

VM Mutex/Monitor currently owned by a thread: None

Heap
 PSYoungGen      total 1072128K, used 559821K [0x00000007aaa80000, 0x00000007f1100000, 0x0000000800000000)
  eden space 1069568K, 52% used [0x00000007aaa80000,0x00000007ccb13590,0x00000007ebf00000)
  from space 2560K, 85% used [0x00000007ef100000,0x00000007ef320000,0x00000007ef380000)
  to   space 16384K, 0% used [0x00000007f0100000,0x00000007f0100000,0x00000007f1100000)
 ParOldGen       total 2097152K, used 1044605K [0x0000000700000000, 0x0000000780000000, 0x00000007aaa80000)
  object space 2097152K, 49% used [0x0000000700000000,0x000000073fc1f730,0x0000000780000000)
 PSPermGen       total 156672K, used 100568K [0x00000006f0000000, 0x00000006f9900000, 0x0000000700000000)
  object space 156672K, 64% used [0x00000006f0000000,0x00000006f6236090,0x00000006f9900000)

Card table byte_map: [0x0000000005650000,0x0000000005ee0000] byte_map_base: 0x0000000001ed0000

Polling page: 0x0000000000130000

Code Cache  [0x0000000002650000, 0x0000000004070000, 0x0000000005650000)
 total_blobs=7932 nmethods=6733 adapters=1155 free_code_cache=22669Kb largest_free_block=22951296

Compilation events (10 events):
Event: 1941.915 Thread 0x000000001145f000 7734             vazkii.botania.common.item.ItemManaTablet::isStackCreative (8 bytes)
Event: 1941.940 Thread 0x000000001145f000 nmethod 7734 0x0000000004041490 code [0x0000000004041620, 0x00000000040419b8]
Event: 1947.049 Thread 0x000000001145d800 7735             net.minecraft.client.gui.GuiScreen::doesGuiPauseGame (2 bytes)
Event: 1947.050 Thread 0x000000001145d800 nmethod 7735 0x0000000004003910 code [0x0000000004003a40, 0x0000000004003a98]
Event: 1952.381 Thread 0x000000001145f000 7736   !         flaxbeard.thaumicexploration.event.TXTickHandler::tickStart (719 bytes)
Event: 1952.400 Thread 0x000000001145f000 nmethod 7736 0x00000000040471d0 code [0x0000000004047320, 0x0000000004047618]
Event: 1961.246 Thread 0x000000001145d800 7737             vazkii.botania.common.item.ItemManaTablet::getMaxMana (15 bytes)
Event: 1961.252 Thread 0x000000001145d800 nmethod 7737 0x0000000004040a50 code [0x0000000004040be0, 0x0000000004040ff8]
Event: 1962.507 Thread 0x000000001145f000 7738             thaumcraft.client.lib.ClientTickEventsFML::clientWorldTick (434 bytes)
Event: 1962.566 Thread 0x000000001145f000 nmethod 7738 0x000000000403fc50 code [0x000000000403fe20, 0x0000000004040370]

GC Heap History (10 events):
Event: 1877.892 GC heap before
{Heap before GC invocations=219 (full 8):
 PSYoungGen      total 1101312K, used 1100992K [0x00000007aaa80000, 0x00000007f3800000, 0x0000000800000000)
  eden space 1098752K, 100% used [0x00000007aaa80000,0x00000007edb80000,0x00000007edb80000)
  from space 2560K, 87% used [0x00000007f3580000,0x00000007f37b0000,0x00000007f3800000)
  to   space 21504K, 0% used [0x00000007f0e00000,0x00000007f0e00000,0x00000007f2300000)
 ParOldGen       total 2097152K, used 1034670K [0x0000000700000000, 0x0000000780000000, 0x00000007aaa80000)
  object space 2097152K, 49% used [0x0000000700000000,0x000000073f26b800,0x0000000780000000)
 PSPermGen       total 156672K, used 100567K [0x00000006f0000000, 0x00000006f9900000, 0x0000000700000000)
  object space 156672K, 64% used [0x00000006f0000000,0x00000006f6235f30,0x00000006f9900000)
Event: 1877.914 GC heap after
Heap after GC invocations=219 (full 8):
 PSYoungGen      total 1069568K, used 2176K [0x00000007aaa80000, 0x00000007f3600000, 0x0000000800000000)
  eden space 1067008K, 0% used [0x00000007aaa80000,0x00000007aaa80000,0x00000007ebc80000)
  from space 2560K, 85% used [0x00000007f0e00000,0x00000007f1020000,0x00000007f1080000)
  to   space 20480K, 0% used [0x00000007f2200000,0x00000007f2200000,0x00000007f3600000)
 ParOldGen       total 2097152K, used 1036715K [0x0000000700000000, 0x0000000780000000, 0x00000007aaa80000)
  object space 2097152K, 49% used [0x0000000700000000,0x000000073f46ad10,0x0000000780000000)
 PSPermGen       total 156672K, used 100567K [0x00000006f0000000, 0x00000006f9900000, 0x0000000700000000)
  object space 156672K, 64% used [0x00000006f0000000,0x00000006f6235f30,0x00000006f9900000)
}
Event: 1897.048 GC heap before
{Heap before GC invocations=220 (full 8):
 PSYoungGen      total 1069568K, used 1069184K [0x00000007aaa80000, 0x00000007f3600000, 0x0000000800000000)
  eden space 1067008K, 100% used [0x00000007aaa80000,0x00000007ebc80000,0x00000007ebc80000)
  from space 2560K, 85% used [0x00000007f0e00000,0x00000007f1020000,0x00000007f1080000)
  to   space 20480K, 0% used [0x00000007f2200000,0x00000007f2200000,0x00000007f3600000)
 ParOldGen       total 2097152K, used 1036715K [0x0000000700000000, 0x0000000780000000, 0x00000007aaa80000)
  object space 2097152K, 49% used [0x0000000700000000,0x000000073f46ad10,0x0000000780000000)
 PSPermGen       total 156672K, used 100567K [0x00000006f0000000, 0x00000006f9900000, 0x0000000700000000)
  object space 156672K, 64% used [0x00000006f0000000,0x00000006f6235f30,0x00000006f9900000)
Event: 1897.071 GC heap after
Heap after GC invocations=220 (full 8):
 PSYoungGen      total 1039360K, used 2112K [0x00000007aaa80000, 0x00000007f2480000, 0x0000000800000000)
  eden space 1036800K, 0% used [0x00000007aaa80000,0x00000007aaa80000,0x00000007e9f00000)
  from space 2560K, 82% used [0x00000007f2200000,0x00000007f2410000,0x00000007f2480000)
  to   space 19456K, 0% used [0x00000007efe80000,0x00000007efe80000,0x00000007f1180000)
 ParOldGen       total 2097152K, used 1038693K [0x0000000700000000, 0x0000000780000000, 0x00000007aaa80000)
  object space 2097152K, 49% used [0x0000000700000000,0x000000073f659730,0x0000000780000000)
 PSPermGen       total 156672K, used 100567K [0x00000006f0000000, 0x00000006f9900000, 0x0000000700000000)
  object space 156672K, 64% used [0x00000006f0000000,0x00000006f6235f30,0x00000006f9900000)
}
Event: 1916.038 GC heap before
{Heap before GC invocations=221 (full 8):
 PSYoungGen      total 1039360K, used 1038912K [0x00000007aaa80000, 0x00000007f2480000, 0x0000000800000000)
  eden space 1036800K, 100% used [0x00000007aaa80000,0x00000007e9f00000,0x00000007e9f00000)
  from space 2560K, 82% used [0x00000007f2200000,0x00000007f2410000,0x00000007f2480000)
  to   space 19456K, 0% used [0x00000007efe80000,0x00000007efe80000,0x00000007f1180000)
 ParOldGen       total 2097152K, used 1038693K [0x0000000700000000, 0x0000000780000000, 0x00000007aaa80000)
  object space 2097152K, 49% used [0x0000000700000000,0x000000073f659730,0x0000000780000000)
 PSPermGen       total 156672K, used 100567K [0x00000006f0000000, 0x00000006f9900000, 0x0000000700000000)
  object space 156672K, 64% used [0x00000006f0000000,0x00000006f6235f30,0x00000006f9900000)
Event: 1916.057 GC heap after
Heap after GC invocations=221 (full 8):
 PSYoungGen      total 1137152K, used 2112K [0x00000007aaa80000, 0x00000007f2280000, 0x0000000800000000)
  eden space 1134592K, 0% used [0x00000007aaa80000,0x00000007aaa80000,0x00000007efe80000)
  from space 2560K, 82% used [0x00000007efe80000,0x00000007f0090000,0x00000007f0100000)
  to   space 18432K, 0% used [0x00000007f1080000,0x00000007f1080000,0x00000007f2280000)
 ParOldGen       total 2097152K, used 1040653K [0x0000000700000000, 0x0000000780000000, 0x00000007aaa80000)
  object space 2097152K, 49% used [0x0000000700000000,0x000000073f843730,0x0000000780000000)
 PSPermGen       total 156672K, used 100567K [0x00000006f0000000, 0x00000006f9900000, 0x0000000700000000)
  object space 156672K, 64% used [0x00000006f0000000,0x00000006f6235f30,0x00000006f9900000)
}
Event: 1936.132 GC heap before
{Heap before GC invocations=222 (full 8):
 PSYoungGen      total 1137152K, used 1136704K [0x00000007aaa80000, 0x00000007f2280000, 0x0000000800000000)
  eden space 1134592K, 100% used [0x00000007aaa80000,0x00000007efe80000,0x00000007efe80000)
  from space 2560K, 82% used [0x00000007efe80000,0x00000007f0090000,0x00000007f0100000)
  to   space 18432K, 0% used [0x00000007f1080000,0x00000007f1080000,0x00000007f2280000)
 ParOldGen       total 2097152K, used 1040653K [0x0000000700000000, 0x0000000780000000, 0x00000007aaa80000)
  object space 2097152K, 49% used [0x0000000700000000,0x000000073f843730,0x0000000780000000)
 PSPermGen       total 156672K, used 100568K [0x00000006f0000000, 0x00000006f9900000, 0x0000000700000000)
  object space 156672K, 64% used [0x00000006f0000000,0x00000006f6236090,0x00000006f9900000)
Event: 1936.155 GC heap after
Heap after GC invocations=222 (full 8):
 PSYoungGen      total 1103872K, used 2288K [0x00000007aaa80000, 0x00000007f1300000, 0x0000000800000000)
  eden space 1101312K, 0% used [0x00000007aaa80000,0x00000007aaa80000,0x00000007ede00000)
  from space 2560K, 89% used [0x00000007f1080000,0x00000007f12bc010,0x00000007f1300000)
  to   space 17408K, 0% used [0x00000007ef100000,0x00000007ef100000,0x00000007f0200000)
 ParOldGen       total 2097152K, used 1042533K [0x0000000700000000, 0x0000000780000000, 0x00000007aaa80000)
  object space 2097152K, 49% used [0x0000000700000000,0x000000073fa19730,0x0000000780000000)
 PSPermGen       total 156672K, used 100568K [0x00000006f0000000, 0x00000006f9900000, 0x0000000700000000)
  object space 156672K, 64% used [0x00000006f0000000,0x00000006f6236090,0x00000006f9900000)
}
Event: 1956.143 GC heap before
{Heap before GC invocations=223 (full 8):
 PSYoungGen      total 1103872K, used 1103600K [0x00000007aaa80000, 0x00000007f1300000, 0x0000000800000000)
  eden space 1101312K, 100% used [0x00000007aaa80000,0x00000007ede00000,0x00000007ede00000)
  from space 2560K, 89% used [0x00000007f1080000,0x00000007f12bc010,0x00000007f1300000)
  to   space 17408K, 0% used [0x00000007ef100000,0x00000007ef100000,0x00000007f0200000)
 ParOldGen       total 2097152K, used 1042533K [0x0000000700000000, 0x0000000780000000, 0x00000007aaa80000)
  object space 2097152K, 49% used [0x0000000700000000,0x000000073fa19730,0x0000000780000000)
 PSPermGen       total 156672K, used 100568K [0x00000006f0000000, 0x00000006f9900000, 0x0000000700000000)
  object space 156672K, 64% used [0x00000006f0000000,0x00000006f6236090,0x00000006f9900000)
Event: 1956.167 GC heap after
Heap after GC invocations=223 (full 8):
 PSYoungGen      total 1072128K, used 2176K [0x00000007aaa80000, 0x00000007f1100000, 0x0000000800000000)
  eden space 1069568K, 0% used [0x00000007aaa80000,0x00000007aaa80000,0x00000007ebf00000)
  from space 2560K, 85% used [0x00000007ef100000,0x00000007ef320000,0x00000007ef380000)
  to   space 16384K, 0% used [0x00000007f0100000,0x00000007f0100000,0x00000007f1100000)
 ParOldGen       total 2097152K, used 1044605K [0x0000000700000000, 0x0000000780000000, 0x00000007aaa80000)
  object space 2097152K, 49% used [0x0000000700000000,0x000000073fc1f730,0x0000000780000000)
 PSPermGen       total 156672K, used 100568K [0x00000006f0000000, 0x00000006f9900000, 0x0000000700000000)
  object space 156672K, 64% used [0x00000006f0000000,0x00000006f6236090,0x00000006f9900000)
}

Deoptimization events (10 events):
Event: 1753.721 Thread 0x00000000021fc000 Uncommon trap: reason=unhandled action=none pc=0x00000000036530fc method=java.lang.Integer.parseInt(Ljava/lang/String;I)I @ 204
Event: 1753.721 Thread 0x00000000021fc000 Uncommon trap: reason=unhandled action=none pc=0x0000000003a71e64 method=sun.misc.FloatingDecimal.readJavaFormatString(Ljava/lang/String;)Lsun/misc/FloatingDecimal; @ 855
Event: 1754.726 Thread 0x00000000021fc000 Uncommon trap: reason=unhandled action=none pc=0x00000000036530fc method=java.lang.Integer.parseInt(Ljava/lang/String;I)I @ 204
Event: 1754.726 Thread 0x00000000021fc000 Uncommon trap: reason=unhandled action=none pc=0x0000000003a71e64 method=sun.misc.FloatingDecimal.readJavaFormatString(Ljava/lang/String;)Lsun/misc/FloatingDecimal; @ 855
Event: 1755.727 Thread 0x00000000021fc000 Uncommon trap: reason=unhandled action=none pc=0x00000000036530fc method=java.lang.Integer.parseInt(Ljava/lang/String;I)I @ 204
Event: 1755.727 Thread 0x00000000021fc000 Uncommon trap: reason=unhandled action=none pc=0x0000000003a71e64 method=sun.misc.FloatingDecimal.readJavaFormatString(Ljava/lang/String;)Lsun/misc/FloatingDecimal; @ 855
Event: 1756.688 Thread 0x00000000021fc000 Uncommon trap: reason=unhandled action=none pc=0x00000000036530fc method=java.lang.Integer.parseInt(Ljava/lang/String;I)I @ 204
Event: 1756.689 Thread 0x00000000021fc000 Uncommon trap: reason=unhandled action=none pc=0x0000000003a71e64 method=sun.misc.FloatingDecimal.readJavaFormatString(Ljava/lang/String;)Lsun/misc/FloatingDecimal; @ 855
Event: 1757.722 Thread 0x00000000021fc000 Uncommon trap: reason=unhandled action=none pc=0x00000000036530fc method=java.lang.Integer.parseInt(Ljava/lang/String;I)I @ 204
Event: 1757.722 Thread 0x00000000021fc000 Uncommon trap: reason=unhandled action=none pc=0x0000000003a71e64 method=sun.misc.FloatingDecimal.readJavaFormatString(Ljava/lang/String;)Lsun/misc/FloatingDecimal; @ 855

Internal exceptions (10 events):
Event: 1965.562 Thread 0x0000000013c9e000 Threw 0x00000007ca130a80 at C:\re\jdk7u55\869\hotspot\src\share\vm\prims\jvm.cpp:2965
Event: 1965.585 Thread 0x0000000013c9e000 Threw 0x00000007cb6213e8 at C:\re\jdk7u55\869\hotspot\src\share\vm\prims\jvm.cpp:2965
Event: 1965.613 Thread 0x0000000013c9e000 Threw 0x00000007cb6215a8 at C:\re\jdk7u55\869\hotspot\src\share\vm\prims\jvm.cpp:2965
Event: 1965.636 Thread 0x0000000013c9e000 Threw 0x00000007cb621768 at C:\re\jdk7u55\869\hotspot\src\share\vm\prims\jvm.cpp:2965
Event: 1965.663 Thread 0x0000000013c9e000 Threw 0x00000007cb621928 at C:\re\jdk7u55\869\hotspot\src\share\vm\prims\jvm.cpp:2965
Event: 1965.687 Thread 0x0000000013c9e000 Threw 0x00000007cb621b10 at C:\re\jdk7u55\869\hotspot\src\share\vm\prims\jvm.cpp:2965
Event: 1965.712 Thread 0x0000000013c9e000 Threw 0x00000007cb621cd0 at C:\re\jdk7u55\869\hotspot\src\share\vm\prims\jvm.cpp:2965
Event: 1965.738 Thread 0x0000000013c9e000 Threw 0x00000007cb621e90 at C:\re\jdk7u55\869\hotspot\src\share\vm\prims\jvm.cpp:2965
Event: 1965.767 Thread 0x0000000013c9e000 Threw 0x00000007cb622050 at C:\re\jdk7u55\869\hotspot\src\share\vm\prims\jvm.cpp:2965
Event: 1965.791 Thread 0x0000000013c9e000 Threw 0x00000007cb622210 at C:\re\jdk7u55\869\hotspot\src\share\vm\prims\jvm.cpp:2965

Events (10 events):
Event: 1965.687 Thread 0x0000000013c9e000 DEOPT PACKING pc=0x000000000359669c sp=0x000000004405f020
Event: 1965.687 Thread 0x0000000013c9e000 DEOPT UNPACKING pc=0x00000000026892b9 sp=0x000000004405ed38 mode 1
Event: 1965.712 Thread 0x0000000013c9e000 DEOPT PACKING pc=0x000000000359669c sp=0x000000004405f020
Event: 1965.712 Thread 0x0000000013c9e000 DEOPT UNPACKING pc=0x00000000026892b9 sp=0x000000004405ed38 mode 1
Event: 1965.738 Thread 0x0000000013c9e000 DEOPT PACKING pc=0x000000000359669c sp=0x000000004405f020
Event: 1965.738 Thread 0x0000000013c9e000 DEOPT UNPACKING pc=0x00000000026892b9 sp=0x000000004405ed38 mode 1
Event: 1965.767 Thread 0x0000000013c9e000 DEOPT PACKING pc=0x000000000359669c sp=0x000000004405f020
Event: 1965.767 Thread 0x0000000013c9e000 DEOPT UNPACKING pc=0x00000000026892b9 sp=0x000000004405ed38 mode 1
Event: 1965.791 Thread 0x0000000013c9e000 DEOPT PACKING pc=0x000000000359669c sp=0x000000004405f020
Event: 1965.791 Thread 0x0000000013c9e000 DEOPT UNPACKING pc=0x00000000026892b9 sp=0x000000004405ed38 mode 1


Dynamic libraries:
0x000000013fcb0000 - 0x000000013fce3000 	C:\Program Files\Java\jre7\bin\javaw.exe
0x0000000076ec0000 - 0x0000000077069000 	C:\Windows\SYSTEM32\ntdll.dll
0x0000000076da0000 - 0x0000000076ebf000 	C:\Windows\system32\kernel32.dll
0x000007fefced0000 - 0x000007fefcf3c000 	C:\Windows\system32\KERNELBASE.dll
0x000007fefe320000 - 0x000007fefe3fb000 	C:\Windows\system32\ADVAPI32.dll
0x000007fefd460000 - 0x000007fefd4ff000 	C:\Windows\system32\msvcrt.dll
0x000007fefe600000 - 0x000007fefe61f000 	C:\Windows\SYSTEM32\sechost.dll
0x000007fefe400000 - 0x000007fefe52d000 	C:\Windows\system32\RPCRT4.dll
0x0000000076ca0000 - 0x0000000076d9a000 	C:\Windows\system32\USER32.dll
0x000007fefe740000 - 0x000007fefe7a7000 	C:\Windows\system32\GDI32.dll
0x000007fefe290000 - 0x000007fefe29e000 	C:\Windows\system32\LPK.dll
0x000007fefe990000 - 0x000007fefea59000 	C:\Windows\system32\USP10.dll
0x000007fefae80000 - 0x000007fefb074000 	C:\Windows\WinSxS\amd64_microsoft.windows.common-controls_6595b64144ccf1df_6.0.7601.17514_none_fa396087175ac9ac\COMCTL32.dll
0x000007fefe580000 - 0x000007fefe5f1000 	C:\Windows\system32\SHLWAPI.dll
0x000007fefd1e0000 - 0x000007fefd20e000 	C:\Windows\system32\IMM32.DLL
0x000007fefec70000 - 0x000007fefed79000 	C:\Windows\system32\MSCTF.dll
0x00000000689e0000 - 0x0000000068ab2000 	C:\Program Files\Java\jre7\bin\msvcr100.dll
0x000000006ed20000 - 0x000000006f4e9000 	C:\Program Files\Java\jre7\bin\server\jvm.dll
0x000007fef3aa0000 - 0x000007fef3aa9000 	C:\Windows\system32\WSOCK32.dll
0x000007fefe530000 - 0x000007fefe57d000 	C:\Windows\system32\WS2_32.dll
0x000007fefd040000 - 0x000007fefd048000 	C:\Windows\system32\NSI.dll
0x000007fefa700000 - 0x000007fefa73b000 	C:\Windows\system32\WINMM.dll
0x0000000077080000 - 0x0000000077087000 	C:\Windows\system32\PSAPI.DLL
0x00000000689d0000 - 0x00000000689df000 	C:\Program Files\Java\jre7\bin\verify.dll
0x00000000689a0000 - 0x00000000689c8000 	C:\Program Files\Java\jre7\bin\java.dll
0x0000000073260000 - 0x0000000073295000 	C:\Program Files\Java\jre7\bin\jdwp.dll
0x0000000073050000 - 0x0000000073058000 	C:\Program Files\Java\jre7\bin\npt.dll
0x0000000068980000 - 0x0000000068995000 	C:\Program Files\Java\jre7\bin\zip.dll
0x0000000073040000 - 0x0000000073049000 	C:\Program Files\Java\jre7\bin\dt_socket.dll
0x000007fefb670000 - 0x000007fefb685000 	C:\Windows\system32\NLAapi.dll
0x000007fef7d50000 - 0x000007fef7d65000 	C:\Windows\system32\napinsp.dll
0x000007fef7d30000 - 0x000007fef7d49000 	C:\Windows\system32\pnrpnsp.dll
0x000007fefc460000 - 0x000007fefc4b5000 	C:\Windows\System32\mswsock.dll
0x000007fefc2e0000 - 0x000007fefc33b000 	C:\Windows\system32\DNSAPI.dll
0x000007fef7d20000 - 0x000007fef7d2b000 	C:\Windows\System32\winrnr.dll
0x000007fefb550000 - 0x000007fefb577000 	C:\Windows\system32\IPHLPAPI.DLL
0x000007fefb540000 - 0x000007fefb54b000 	C:\Windows\system32\WINNSI.DLL
0x000007fefb400000 - 0x000007fefb453000 	C:\Windows\System32\fwpuclnt.dll
0x000007fef8210000 - 0x000007fef8218000 	C:\Windows\system32\rasadhlp.dll
0x000007fefbe40000 - 0x000007fefbe47000 	C:\Windows\System32\wshtcpip.dll
0x0000000073030000 - 0x000000007303b000 	C:\Program Files\Java\jre7\bin\management.dll
0x0000000068960000 - 0x0000000068979000 	C:\Program Files\Java\jre7\bin\net.dll
0x000007fefc450000 - 0x000007fefc457000 	C:\Windows\System32\wship6.dll
0x0000000068940000 - 0x0000000068951000 	C:\Program Files\Java\jre7\bin\nio.dll
0x00000000688f0000 - 0x0000000068914000 	C:\Program Files\Java\jre7\bin\sunec.dll
0x0000000068930000 - 0x000000006893b000 	C:\Program Files\Java\jre7\bin\sunmscapi.dll
0x000007fefcd60000 - 0x000007fefcecd000 	C:\Windows\system32\CRYPT32.dll
0x000007fefcc90000 - 0x000007fefcc9f000 	C:\Windows\system32\MSASN1.dll
0x000007fefc4c0000 - 0x000007fefc4d8000 	C:\Windows\system32\CRYPTSP.dll
0x000007fefc1c0000 - 0x000007fefc207000 	C:\Windows\system32\rsaenh.dll
0x000007fefcca0000 - 0x000007fefccbe000 	C:\Windows\system32\USERENV.dll
0x000007fefcc80000 - 0x000007fefcc8f000 	C:\Windows\system32\profapi.dll
0x000007fefcb20000 - 0x000007fefcb2f000 	C:\Windows\system32\CRYPTBASE.dll
0x000007fefb3d0000 - 0x000007fefb3e1000 	C:\Windows\system32\dhcpcsvc6.DLL
0x000007fefb350000 - 0x000007fefb368000 	C:\Windows\system32\dhcpcsvc.DLL
0x0000000180000000 - 0x0000000180051000 	C:\Users\Daniel\.gradle\caches\minecraft\net\minecraft\minecraft_natives\1.7.10\lwjgl64.dll
0x000007fee1b40000 - 0x000007fee1c5d000 	C:\Windows\system32\OPENGL32.dll
0x000007fef3940000 - 0x000007fef396d000 	C:\Windows\system32\GLU32.dll
0x000007fee1a20000 - 0x000007fee1b11000 	C:\Windows\system32\DDRAW.dll
0x000007feea540000 - 0x000007feea548000 	C:\Windows\system32\DCIMAN32.dll
0x000007fefe7b0000 - 0x000007fefe987000 	C:\Windows\system32\SETUPAPI.dll
0x000007fefcf40000 - 0x000007fefcf76000 	C:\Windows\system32\CFGMGR32.dll
0x000007feff050000 - 0x000007feff127000 	C:\Windows\system32\OLEAUT32.dll
0x000007fefea60000 - 0x000007fefec63000 	C:\Windows\system32\ole32.dll
0x000007fefd020000 - 0x000007fefd03a000 	C:\Windows\system32\DEVOBJ.dll
0x000007fefa480000 - 0x000007fefa498000 	C:\Windows\system32\dwmapi.dll
0x000007fefbd20000 - 0x000007fefbd2c000 	C:\Windows\system32\VERSION.dll
0x0000000063fd0000 - 0x0000000064165000 	C:\Program Files\Java\jre7\bin\awt.dll
0x000007fefa960000 - 0x000007fefa9b6000 	C:\Windows\system32\uxtheme.dll
0x000007fee53e0000 - 0x000007fee5405000 	C:\Program Files (x86)\Raptr\ltc_help64-90652.dll
0x000007fefd500000 - 0x000007fefe288000 	C:\Windows\system32\SHELL32.dll
0x000007fefcfb0000 - 0x000007fefcfeb000 	C:\Windows\system32\WINTRUST.dll
0x000007fef8120000 - 0x000007fef8138000 	C:\Windows\system32\atig6pxx.dll
0x0000000068bf0000 - 0x000000006a79e000 	C:\Windows\system32\atio6axx.dll
0x000007feec780000 - 0x000007feec8b8000 	C:\Windows\system32\atiadlxx.dll
0x000007fefb910000 - 0x000007fefba3c000 	C:\Windows\system32\PROPSYS.dll
0x000007fefbd60000 - 0x000007fefbd71000 	C:\Windows\system32\WTSAPI32.dll
0x000007fef3910000 - 0x000007fef3939000 	C:\Windows\system32\atig6txx.dll
0x000007fee17d0000 - 0x000007fee186c000 	C:\Windows\system32\mscms.dll
0x000007fedbf20000 - 0x000007fedbf62000 	C:\Windows\system32\icm32.dll
0x0000000070a40000 - 0x0000000070adc000 	C:\Users\Daniel\.gradle\caches\minecraft\net\minecraft\minecraft_natives\1.7.10\avutil-ttv-51.dll
0x0000000065980000 - 0x00000000659d6000 	C:\Users\Daniel\.gradle\caches\minecraft\net\minecraft\minecraft_natives\1.7.10\swresample-ttv-0.dll
0x000000006eb80000 - 0x000000006ec50000 	C:\Users\Daniel\.gradle\caches\minecraft\net\minecraft\minecraft_natives\1.7.10\libmp3lame-ttv.dll
0x000007fed7b20000 - 0x000007fed8ec4000 	C:\Users\Daniel\.gradle\caches\minecraft\net\minecraft\minecraft_natives\1.7.10\libmfxsw64.dll
0x000007fed79f0000 - 0x000007fed7b1b000 	C:\Users\Daniel\.gradle\caches\minecraft\net\minecraft\minecraft_natives\1.7.10\twitchsdk.dll
0x000007fefd210000 - 0x000007fefd458000 	C:\Windows\system32\WININET.dll
0x000007fefcf80000 - 0x000007fefcf84000 	C:\Windows\system32\api-ms-win-downlevel-user32-l1-1-0.dll
0x000007fefcf90000 - 0x000007fefcf94000 	C:\Windows\system32\api-ms-win-downlevel-shlwapi-l1-1-0.dll
0x000007fefd000000 - 0x000007fefd004000 	C:\Windows\system32\api-ms-win-downlevel-version-l1-1-0.dll
0x000007fefd010000 - 0x000007fefd013000 	C:\Windows\system32\api-ms-win-downlevel-normaliz-l1-1-0.dll
0x0000000077090000 - 0x0000000077093000 	C:\Windows\system32\normaliz.DLL
0x000007fefed80000 - 0x000007feff047000 	C:\Windows\system32\iertutil.dll
0x000007fefcfa0000 - 0x000007fefcfa5000 	C:\Windows\system32\api-ms-win-downlevel-advapi32-l1-1-0.dll
0x00000000066e0000 - 0x0000000006744000 	C:\Users\Daniel\.gradle\caches\minecraft\net\minecraft\minecraft_natives\1.7.10\OpenAL64.dll
0x000007feff130000 - 0x000007feff1c9000 	C:\Windows\system32\CLBCatQ.DLL
0x000007fefba80000 - 0x000007fefbacb000 	C:\Windows\System32\MMDevApi.dll
0x000007fef4600000 - 0x000007fef4688000 	C:\Windows\system32\dsound.dll
0x000007fefbd30000 - 0x000007fefbd5c000 	C:\Windows\system32\POWRPROF.dll
0x000007fefa4f0000 - 0x000007fefa53f000 	C:\Windows\system32\AUDIOSES.DLL
0x00000000688a0000 - 0x00000000688e7000 	C:\Program Files\Java\jre7\bin\fontmanager.dll
0x000007fef3180000 - 0x000007fef337f000 	C:\Windows\system32\d3d9.dll
0x000007fef3780000 - 0x000007fef3787000 	C:\Windows\system32\d3d8thk.dll
0x000007fef5d10000 - 0x000007fef5e5c000 	C:\Windows\system32\aticfx64.dll
0x000007fef3150000 - 0x000007fef3171000 	C:\Windows\system32\atiu9p64.dll
0x000007fef2950000 - 0x000007fef3146000 	C:\Windows\system32\atiumd64.dll
0x0000000061e40000 - 0x0000000062648000 	C:\Windows\system32\atiumd6a.dll
0x0000000068820000 - 0x0000000068861000 	C:\Program Files\Java\jre7\bin\t2k.dll

VM Arguments:
jvm_args: -agentlib:jdwp=transport=dt_socket,suspend=y,address=localhost:58393 -Dfml.ignoreInvalidMinecraftCertificates=true -Dfml.coreMods.load=witchinggadgets.asm.WitchingGadgetsCoreLoader -Xms3G -Xmx4G -XX:MaxPermSize=256m -Dfile.encoding=Cp1252 
java_command: GradleStart --version 1.7 --tweakClass cpw.mods.fml.common.launcher.FMLTweaker --accessToken forgeTest --userProperties={} --username=blu.sunrize@yahoo.de --password=Dannyl1694 --assetIndex 1.7.10 --uuid=test-dannyl --assetsDir C:/Users/Daniel/.gradle/caches/minecraft/assets
Launcher Type: SUN_STANDARD

Environment Variables:
PATH=C:\Program Files (x86)\NVIDIA Corporation\PhysX\Common;C:\Program Files (x86)\Intel\iCLS Client\;C:\Program Files\Intel\iCLS Client\;C:\Windows\system32;C:\Windows;C:\Windows\System32\Wbem;C:\Windows\System32\WindowsPowerShell\v1.0\;C:\Program Files\Intel\Intel(R) Management Engine Components\DAL;C:\Program Files\Intel\Intel(R) Management Engine Components\IPT;C:\Program Files (x86)\Intel\Intel(R) Management Engine Components\DAL;C:\Program Files (x86)\Intel\Intel(R) Management Engine Components\IPT;C:\Program Files (x86)\ATI Technologies\ATI.ACE\Core-Static;C:\Program Files (x86)\Git\cmd;E:\Program Files\Csound6\bin;C:\Program Files (x86)\AMD\ATI.ACE\Core-Static
USERNAME=Daniel
OS=Windows_NT
PROCESSOR_IDENTIFIER=Intel64 Family 6 Model 60 Stepping 3, GenuineIntel



---------------  S Y S T E M  ---------------

OS: Windows 7 , 64 bit Build 7601 Service Pack 1

CPU:total 8 (4 cores per cpu, 2 threads per core) family 6 model 60 stepping 3, cmov, cx8, fxsr, mmx, sse, sse2, sse3, ssse3, sse4.1, sse4.2, popcnt, avx, avx2, aes, erms, ht, tsc, tscinvbit

Memory: 4k page, physical 8317520k(48716k free), swap 33268216k(3796k free)

vm_info: Java HotSpot(TM) 64-Bit Server VM (24.55-b03) for windows-amd64 JRE (1.7.0_55-b13), built on Mar 17 2014 19:45:30 by "java_re" with unknown MS VC++:1600

time: Sun Jan 11 19:53:42 2015
elapsed time: 1966 seconds

