#
# A fatal error has been detected by the Java Runtime Environment:
#
#  EXCEPTION_ACCESS_VIOLATION (0xc0000005) at pc=0x0000000068fbb87e, pid=5544, tid=8768
#
# JRE version: Java(TM) SE Runtime Environment (7.0_55-b13) (build 1.7.0_55-b13)
# Java VM: Java HotSpot(TM) 64-Bit Server VM (24.55-b03 mixed mode windows-amd64 compressed oops)
# Problematic frame:
# C  [atio6axx.dll+0x41b87e]
#
# Failed to write core dump. Minidumps are not enabled by default on client versions of Windows
#
# If you would like to submit a bug report, please visit:
#   http://bugreport.sun.com/bugreport/crash.jsp
# The crash happened outside the Java Virtual Machine in native code.
# See problematic frame for where to report the bug.
#

---------------  T H R E A D  ---------------

Current thread (0x000000000219c000):  JavaThread "Client thread" [_thread_in_native, id=8768, stack(0x0000000002510000,0x0000000002610000)]

siginfo: ExceptionCode=0xc0000005, reading address 0x0000000000000000

Registers:
RAX=0x0000000000000000, RBX=0x000000001b374680, RCX=0x0000000000000008, RDX=0x0000000000000003
RSP=0x000000000260dc30, RBP=0x000000049aacacf0, RSI=0x000000006a59c000, RDI=0x000000049aacacf0
R8 =0x0000000000000042, R9 =0x0000000000000042, R10=0x00000000c0000017, R11=0x0000000000000286
R12=0x0000000000000000, R13=0x0000000000000090, R14=0x000000049aacacf0, R15=0x0000000000000007
RIP=0x0000000068fbb87e, EFLAGS=0x0000000000010202

Top of Stack: (sp=0x000000000260dc30)
0x000000000260dc30:   0000000000000000 000000001b374680
0x000000000260dc40:   000000049aacacf0 000000006a59c000
0x000000000260dc50:   0000000000000000 0000000000000000
0x000000000260dc60:   0000000000000004 000000006a59c000
0x000000000260dc70:   000000006a5be698 0000000068dc8e36
0x000000000260dc80:   0000000000000000 000000006a59c040
0x000000000260dc90:   0000000000000007 0000000000000004
0x000000000260dca0:   000000001f210040 00000000690c9e8b
0x000000000260dcb0:   0000000000000000 0000000000000000
0x000000000260dcc0:   0000000000000000 000007fe00000000
0x000000000260dcd0:   000000006a5be698 000000ff00000020
0x000000000260dce0:   0000000000000000 000000000219c000
0x000000000260dcf0:   000000000260dd70 000000000260dd80
0x000000000260dd00:   00000000e1eba565 0000000002c78234
0x000000000260dd10:   0000000000000007 000007fee57ab640
0x000000000260dd20:   000007fee57ab590 0000000000000000 

Instructions: (pc=0x0000000068fbb87e)
0x0000000068fbb85e:   4e 28 48 8d 54 24 20 41 b8 18 00 00 00 e8 30 64
0x0000000068fbb86e:   e0 ff 48 8b 4c 24 28 48 8b 44 24 20 48 83 c1 08
0x0000000068fbb87e:   48 03 08 75 11 8d 51 03 44 8d 41 42 48 8b 0e e8
0x0000000068fbb88e:   1e 3f db ff eb 15 48 8d 05 05 e1 f9 ff c7 41 08 


Register to memory mapping:

RAX=0x0000000000000000 is an unknown value
RBX=0x000000001b374680 is an unknown value
RCX=0x0000000000000008 is an unknown value
RDX=0x0000000000000003 is an unknown value
RSP=0x000000000260dc30 is pointing into the stack for thread: 0x000000000219c000
RBP=0x000000049aacacf0 is an unknown value
RSI=0x000000006a59c000 is an unknown value
RDI=0x000000049aacacf0 is an unknown value
R8 =0x0000000000000042 is an unknown value
R9 =0x0000000000000042 is an unknown value
R10=0x00000000c0000017 is an unknown value
R11=0x0000000000000286 is an unknown value
R12=0x0000000000000000 is an unknown value
R13=0x0000000000000090 is an unknown value
R14=0x000000049aacacf0 is an unknown value
R15=0x0000000000000007 is an unknown value


Stack: [0x0000000002510000,0x0000000002610000],  sp=0x000000000260dc30,  free space=1015k
Native frames: (J=compiled Java code, j=interpreted, Vv=VM code, C=native code)
C  [atio6axx.dll+0x41b87e]

Java frames: (J=compiled Java code, j=interpreted, Vv=VM code)
J  org.lwjgl.opengl.GL11.nglDrawArrays(IIIJ)V
J  net.minecraft.client.renderer.Tessellator.draw()I
J  net.minecraft.client.model.TexturedQuad.draw(Lnet/minecraft/client/renderer/Tessellator;F)V
J  net.minecraft.client.model.ModelBox.render(Lnet/minecraft/client/renderer/Tessellator;F)V
J  net.minecraft.client.model.ModelRenderer.render(F)V
J  net.minecraft.client.model.ModelRenderer.render(F)V
J  witchinggadgets.client.render.ModelRobeSkirted.render(Lnet/minecraft/entity/Entity;FFFFFF)V
J  net.minecraft.client.renderer.entity.RendererLivingEntity.doRender(Lnet/minecraft/entity/EntityLivingBase;DDDFF)V
J  net.minecraft.client.renderer.entity.RenderPlayer.doRender(Lnet/minecraft/entity/Entity;DDDFF)V
J  net.minecraft.client.renderer.entity.RenderManager.func_147939_a(Lnet/minecraft/entity/Entity;DDDFFZ)Z
J  net.minecraft.client.renderer.entity.RenderManager.renderEntityStatic(Lnet/minecraft/entity/Entity;FZ)Z
J  travellersgear.client.TileRenderArmorStand.renderTileEntityAt(Lnet/minecraft/tileentity/TileEntity;DDDF)V
J  net.minecraft.client.renderer.tileentity.TileEntityRendererDispatcher.renderTileEntity(Lnet/minecraft/tileentity/TileEntity;F)V
J  net.minecraft.client.renderer.RenderGlobal.renderEntities(Lnet/minecraft/entity/EntityLivingBase;Lnet/minecraft/client/renderer/culling/ICamera;F)V
J  net.minecraft.client.renderer.EntityRenderer.renderWorld(FJ)V
J  net.minecraft.client.renderer.EntityRenderer.updateCameraAndRender(F)V
J  net.minecraft.client.Minecraft.runGameLoop()V
J  net.minecraft.client.Minecraft.run()V
j  net.minecraft.client.main.Main.main([Ljava/lang/String;)V+998
v  ~StubRoutines::call_stub
j  sun.reflect.NativeMethodAccessorImpl.invoke0(Ljava/lang/reflect/Method;Ljava/lang/Object;[Ljava/lang/Object;)Ljava/lang/Object;+0
j  sun.reflect.NativeMethodAccessorImpl.invoke(Ljava/lang/Object;[Ljava/lang/Object;)Ljava/lang/Object;+87
j  sun.reflect.DelegatingMethodAccessorImpl.invoke(Ljava/lang/Object;[Ljava/lang/Object;)Ljava/lang/Object;+6
j  java.lang.reflect.Method.invoke(Ljava/lang/Object;[Ljava/lang/Object;)Ljava/lang/Object;+57
j  net.minecraft.launchwrapper.Launch.launch([Ljava/lang/String;)V+664
j  net.minecraft.launchwrapper.Launch.main([Ljava/lang/String;)V+8
j  net.minecraftforge.gradle.GradleStartCommon.launch([Ljava/lang/String;)V+97
j  GradleStart.main([Ljava/lang/String;)V+11
v  ~StubRoutines::call_stub

---------------  P R O C E S S  ---------------

Java Threads: ( => current thread )
  0x0000000014709800 JavaThread "Thread-22" [_thread_blocked, id=6312, stack(0x00000000656a0000,0x00000000657a0000)]
  0x0000000014700800 JavaThread "Thread-21" [_thread_blocked, id=2544, stack(0x00000000448b0000,0x00000000449b0000)]
  0x000000001470d000 JavaThread "File IO Thread" [_thread_blocked, id=4556, stack(0x0000000021950000,0x0000000021a50000)]
  0x0000000014708000 JavaThread "Chunk I/O Executor Thread-1" daemon [_thread_blocked, id=8912, stack(0x000000006b7d0000,0x000000006b8d0000)]
  0x0000000014707000 JavaThread "Netty IO #1" daemon [_thread_in_native, id=7772, stack(0x0000000046950000,0x0000000046a50000)]
  0x0000000014706800 JavaThread "Netty Client IO #0" daemon [_thread_in_native, id=1112, stack(0x000000001c480000,0x000000001c580000)]
  0x0000000014705800 JavaThread "Netty IO #0" daemon [_thread_in_native, id=7572, stack(0x0000000020e60000,0x0000000020f60000)]
  0x0000000014704000 JavaThread "Server thread" [_thread_blocked, id=9008, stack(0x00000000450f0000,0x00000000451f0000)]
  0x0000000014703800 JavaThread "Snooper Timer" daemon [_thread_blocked, id=1768, stack(0x000000001c5d0000,0x000000001c6d0000)]
  0x0000000014701000 JavaThread "LWJGL Timer" daemon [_thread_blocked, id=7912, stack(0x0000000044a30000,0x0000000044b30000)]
  0x00000000146ff800 JavaThread "AWT-Windows" daemon [_thread_in_native, id=6332, stack(0x000000001bb60000,0x000000001bc60000)]
  0x000000001429d800 JavaThread "AE2 VersionChecker" [_thread_blocked, id=4780, stack(0x000000001e710000,0x000000001e810000)]
  0x000000001808c000 JavaThread "Java2D Disposer" daemon [_thread_blocked, id=8152, stack(0x0000000019300000,0x0000000019400000)]
  0x0000000014020800 JavaThread "Timer hack thread" daemon [_thread_blocked, id=3040, stack(0x0000000015c10000,0x0000000015d10000)]
  0x0000000017ecb800 JavaThread "Snooper Timer" daemon [_thread_blocked, id=2776, stack(0x0000000016ed0000,0x0000000016fd0000)]
  0x000000001110f000 JavaThread "Service Thread" daemon [_thread_blocked, id=6832, stack(0x00000000136a0000,0x00000000137a0000)]
  0x000000001110e000 JavaThread "C2 CompilerThread1" daemon [_thread_blocked, id=2116, stack(0x0000000013550000,0x0000000013650000)]
  0x000000001110b800 JavaThread "C2 CompilerThread0" daemon [_thread_blocked, id=6200, stack(0x00000000131d0000,0x00000000132d0000)]
  0x00000000110fa000 JavaThread "JDWP Command Reader" daemon [_thread_in_native, id=1760, stack(0x00000000132d0000,0x00000000133d0000)]
  0x00000000110f9000 JavaThread "JDWP Event Helper Thread" daemon [_thread_blocked, id=8772, stack(0x0000000013080000,0x0000000013180000)]
  0x00000000110eb800 JavaThread "JDWP Transport Listener: dt_socket" daemon [_thread_blocked, id=7688, stack(0x0000000012e20000,0x0000000012f20000)]
  0x000000001015e000 JavaThread "Attach Listener" daemon [_thread_blocked, id=8816, stack(0x00000000127a0000,0x00000000128a0000)]
  0x000000001015d000 JavaThread "Signal Dispatcher" daemon [_thread_blocked, id=8552, stack(0x0000000012610000,0x0000000012710000)]
  0x0000000010143000 JavaThread "Finalizer" daemon [_thread_blocked, id=7936, stack(0x00000000124c0000,0x00000000125c0000)]
  0x00000000110a3800 JavaThread "Reference Handler" daemon [_thread_blocked, id=4880, stack(0x0000000012220000,0x0000000012320000)]
=>0x000000000219c000 JavaThread "Client thread" [_thread_in_native, id=8768, stack(0x0000000002510000,0x0000000002610000)]

Other Threads:
  0x00000000110a2000 VMThread [stack: 0x0000000011ff0000,0x00000000120f0000] [id=8752]
  0x0000000011155800 WatcherThread [stack: 0x0000000013410000,0x0000000013510000] [id=4532]

VM state:not at safepoint (normal execution)

VM Mutex/Monitor currently owned by a thread: None

Heap
 PSYoungGen      total 1042944K, used 127658K [0x00000007aaa80000, 0x00000007eaa80000, 0x0000000800000000)
  eden space 1037312K, 12% used [0x00000007aaa80000,0x00000007b24a2b18,0x00000007e9f80000)
  from space 5632K, 46% used [0x00000007e9f80000,0x00000007ea208000,0x00000007ea500000)
  to   space 5632K, 0% used [0x00000007ea500000,0x00000007ea500000,0x00000007eaa80000)
 ParOldGen       total 2097152K, used 1463744K [0x0000000700000000, 0x0000000780000000, 0x00000007aaa80000)
  object space 2097152K, 69% used [0x0000000700000000,0x0000000759570188,0x0000000780000000)
 PSPermGen       total 179200K, used 105069K [0x00000006f0000000, 0x00000006faf00000, 0x0000000700000000)
  object space 179200K, 58% used [0x00000006f0000000,0x00000006f669b4d0,0x00000006faf00000)

Card table byte_map: [0x0000000005610000,0x0000000005ea0000] byte_map_base: 0x0000000001e90000

Polling page: 0x0000000000230000

Code Cache  [0x0000000002610000, 0x0000000004760000, 0x0000000005610000)
 total_blobs=9529 nmethods=8290 adapters=1195 free_code_cache=15341Kb largest_free_block=15403456

Compilation events (10 events):
Event: 3682.313 Thread 0x000000001110e000 9302             net.minecraft.entity.Entity::onUpdate (5 bytes)
Event: 3682.314 Thread 0x000000001110e000 nmethod 9302 0x00000000047413d0 code [0x0000000004741520, 0x00000000047415c8]
Event: 3683.063 Thread 0x000000001110b800 9303             net.minecraft.entity.item.EntityItem::onUpdate (583 bytes)
Event: 3683.105 Thread 0x000000001110b800 nmethod 9303 0x0000000004755910 code [0x0000000004755bc0, 0x0000000004756880]
Event: 3689.718 Thread 0x000000001110e000 9304             com.rwtema.extrautils.tileentity.transfernodes.pipes.PipeBase::baseTexture (4 bytes)
Event: 3689.720 Thread 0x000000001110e000 nmethod 9304 0x00000000047411d0 code [0x0000000004741300, 0x0000000004741378]
Event: 3690.173 Thread 0x000000001110b800 9305             com.rwtema.extrautils.tileentity.transfernodes.TileEntityTransferNode::writeToNBT (355 bytes)
Event: 3690.215 Thread 0x000000001110b800 nmethod 9305 0x000000000475ad50 code [0x000000000475b140, 0x000000000475d058]
Event: 3701.840 Thread 0x000000001110e000 9306             java.io.DataOutputStream::writeBytes (37 bytes)
Event: 3701.845 Thread 0x000000001110e000 nmethod 9306 0x000000000474d610 code [0x000000000474d780, 0x000000000474de08]

GC Heap History (10 events):
Event: 3677.923 GC heap before
{Heap before GC invocations=425 (full 4):
 PSYoungGen      total 1043456K, used 1040704K [0x00000007aaa80000, 0x00000007eaa80000, 0x0000000800000000)
  eden space 1038336K, 100% used [0x00000007aaa80000,0x00000007ea080000,0x00000007ea080000)
  from space 5120K, 46% used [0x00000007ea580000,0x00000007ea7d0000,0x00000007eaa80000)
  to   space 5120K, 0% used [0x00000007ea080000,0x00000007ea080000,0x00000007ea580000)
 ParOldGen       total 2097152K, used 1457071K [0x0000000700000000, 0x0000000780000000, 0x00000007aaa80000)
  object space 2097152K, 69% used [0x0000000700000000,0x0000000758eebfc8,0x0000000780000000)
 PSPermGen       total 179200K, used 105069K [0x00000006f0000000, 0x00000006faf00000, 0x0000000700000000)
  object space 179200K, 58% used [0x00000006f0000000,0x00000006f669b4d0,0x00000006faf00000)
Event: 3677.942 GC heap after
Heap after GC invocations=425 (full 4):
 PSYoungGen      total 1043456K, used 2208K [0x00000007aaa80000, 0x00000007eaa80000, 0x0000000800000000)
  eden space 1038336K, 0% used [0x00000007aaa80000,0x00000007aaa80000,0x00000007ea080000)
  from space 5120K, 43% used [0x00000007ea080000,0x00000007ea2a8000,0x00000007ea580000)
  to   space 4608K, 0% used [0x00000007ea600000,0x00000007ea600000,0x00000007eaa80000)
 ParOldGen       total 2097152K, used 1457743K [0x0000000700000000, 0x0000000780000000, 0x00000007aaa80000)
  object space 2097152K, 69% used [0x0000000700000000,0x0000000758f93fc8,0x0000000780000000)
 PSPermGen       total 179200K, used 105069K [0x00000006f0000000, 0x00000006faf00000, 0x0000000700000000)
  object space 179200K, 58% used [0x00000006f0000000,0x00000006f669b4d0,0x00000006faf00000)
}
Event: 3688.450 GC heap before
{Heap before GC invocations=426 (full 4):
 PSYoungGen      total 1043456K, used 1040544K [0x00000007aaa80000, 0x00000007eaa80000, 0x0000000800000000)
  eden space 1038336K, 100% used [0x00000007aaa80000,0x00000007ea080000,0x00000007ea080000)
  from space 5120K, 43% used [0x00000007ea080000,0x00000007ea2a8000,0x00000007ea580000)
  to   space 4608K, 0% used [0x00000007ea600000,0x00000007ea600000,0x00000007eaa80000)
 ParOldGen       total 2097152K, used 1457743K [0x0000000700000000, 0x0000000780000000, 0x00000007aaa80000)
  object space 2097152K, 69% used [0x0000000700000000,0x0000000758f93fc8,0x0000000780000000)
 PSPermGen       total 179200K, used 105069K [0x00000006f0000000, 0x00000006faf00000, 0x0000000700000000)
  object space 179200K, 58% used [0x00000006f0000000,0x00000006f669b4d0,0x00000006faf00000)
Event: 3688.466 GC heap after
Heap after GC invocations=426 (full 4):
 PSYoungGen      total 1043968K, used 2464K [0x00000007aaa80000, 0x00000007eaa80000, 0x0000000800000000)
  eden space 1039360K, 0% used [0x00000007aaa80000,0x00000007aaa80000,0x00000007ea180000)
  from space 4608K, 53% used [0x00000007ea600000,0x00000007ea868000,0x00000007eaa80000)
  to   space 4608K, 0% used [0x00000007ea180000,0x00000007ea180000,0x00000007ea600000)
 ParOldGen       total 2097152K, used 1458377K [0x0000000700000000, 0x0000000780000000, 0x00000007aaa80000)
  object space 2097152K, 69% used [0x0000000700000000,0x0000000759032468,0x0000000780000000)
 PSPermGen       total 179200K, used 105069K [0x00000006f0000000, 0x00000006faf00000, 0x0000000700000000)
  object space 179200K, 58% used [0x00000006f0000000,0x00000006f669b4d0,0x00000006faf00000)
}
Event: 3698.775 GC heap before
{Heap before GC invocations=427 (full 4):
 PSYoungGen      total 1043968K, used 1041824K [0x00000007aaa80000, 0x00000007eaa80000, 0x0000000800000000)
  eden space 1039360K, 100% used [0x00000007aaa80000,0x00000007ea180000,0x00000007ea180000)
  from space 4608K, 53% used [0x00000007ea600000,0x00000007ea868000,0x00000007eaa80000)
  to   space 4608K, 0% used [0x00000007ea180000,0x00000007ea180000,0x00000007ea600000)
 ParOldGen       total 2097152K, used 1458377K [0x0000000700000000, 0x0000000780000000, 0x00000007aaa80000)
  object space 2097152K, 69% used [0x0000000700000000,0x0000000759032468,0x0000000780000000)
 PSPermGen       total 179200K, used 105069K [0x00000006f0000000, 0x00000006faf00000, 0x0000000700000000)
  object space 179200K, 58% used [0x00000006f0000000,0x00000006f669b4d0,0x00000006faf00000)
Event: 3698.789 GC heap after
Heap after GC invocations=427 (full 4):
 PSYoungGen      total 1043968K, used 2688K [0x00000007aaa80000, 0x00000007eaa80000, 0x0000000800000000)
  eden space 1039360K, 0% used [0x00000007aaa80000,0x00000007aaa80000,0x00000007ea180000)
  from space 4608K, 58% used [0x00000007ea180000,0x00000007ea420000,0x00000007ea600000)
  to   space 4608K, 0% used [0x00000007ea600000,0x00000007ea600000,0x00000007eaa80000)
 ParOldGen       total 2097152K, used 1459020K [0x0000000700000000, 0x0000000780000000, 0x00000007aaa80000)
  object space 2097152K, 69% used [0x0000000700000000,0x00000007590d3078,0x0000000780000000)
 PSPermGen       total 179200K, used 105069K [0x00000006f0000000, 0x00000006faf00000, 0x0000000700000000)
  object space 179200K, 58% used [0x00000006f0000000,0x00000006f669b4d0,0x00000006faf00000)
}
Event: 3709.166 GC heap before
{Heap before GC invocations=428 (full 4):
 PSYoungGen      total 1043968K, used 1042048K [0x00000007aaa80000, 0x00000007eaa80000, 0x0000000800000000)
  eden space 1039360K, 100% used [0x00000007aaa80000,0x00000007ea180000,0x00000007ea180000)
  from space 4608K, 58% used [0x00000007ea180000,0x00000007ea420000,0x00000007ea600000)
  to   space 4608K, 0% used [0x00000007ea600000,0x00000007ea600000,0x00000007eaa80000)
 ParOldGen       total 2097152K, used 1459020K [0x0000000700000000, 0x0000000780000000, 0x00000007aaa80000)
  object space 2097152K, 69% used [0x0000000700000000,0x00000007590d3078,0x0000000780000000)
 PSPermGen       total 179200K, used 105069K [0x00000006f0000000, 0x00000006faf00000, 0x0000000700000000)
  object space 179200K, 58% used [0x00000006f0000000,0x00000006f669b4d0,0x00000006faf00000)
Event: 3709.194 GC heap after
Heap after GC invocations=428 (full 4):
 PSYoungGen      total 1041920K, used 4608K [0x00000007aaa80000, 0x00000007eaa80000, 0x0000000800000000)
  eden space 1037312K, 0% used [0x00000007aaa80000,0x00000007aaa80000,0x00000007e9f80000)
  from space 4608K, 100% used [0x00000007ea600000,0x00000007eaa80000,0x00000007eaa80000)
  to   space 5632K, 0% used [0x00000007e9f80000,0x00000007e9f80000,0x00000007ea500000)
 ParOldGen       total 2097152K, used 1460693K [0x0000000700000000, 0x0000000780000000, 0x00000007aaa80000)
  object space 2097152K, 69% used [0x0000000700000000,0x0000000759275468,0x0000000780000000)
 PSPermGen       total 179200K, used 105069K [0x00000006f0000000, 0x00000006faf00000, 0x0000000700000000)
  object space 179200K, 58% used [0x00000006f0000000,0x00000006f669b4d0,0x00000006faf00000)
}
Event: 3719.721 GC heap before
{Heap before GC invocations=429 (full 4):
 PSYoungGen      total 1041920K, used 1041920K [0x00000007aaa80000, 0x00000007eaa80000, 0x0000000800000000)
  eden space 1037312K, 100% used [0x00000007aaa80000,0x00000007e9f80000,0x00000007e9f80000)
  from space 4608K, 100% used [0x00000007ea600000,0x00000007eaa80000,0x00000007eaa80000)
  to   space 5632K, 0% used [0x00000007e9f80000,0x00000007e9f80000,0x00000007ea500000)
 ParOldGen       total 2097152K, used 1460693K [0x0000000700000000, 0x0000000780000000, 0x00000007aaa80000)
  object space 2097152K, 69% used [0x0000000700000000,0x0000000759275468,0x0000000780000000)
 PSPermGen       total 179200K, used 105069K [0x00000006f0000000, 0x00000006faf00000, 0x0000000700000000)
  object space 179200K, 58% used [0x00000006f0000000,0x00000006f669b4d0,0x00000006faf00000)
Event: 3719.738 GC heap after
Heap after GC invocations=429 (full 4):
 PSYoungGen      total 1042944K, used 2592K [0x00000007aaa80000, 0x00000007eaa80000, 0x0000000800000000)
  eden space 1037312K, 0% used [0x00000007aaa80000,0x00000007aaa80000,0x00000007e9f80000)
  from space 5632K, 46% used [0x00000007e9f80000,0x00000007ea208000,0x00000007ea500000)
  to   space 5632K, 0% used [0x00000007ea500000,0x00000007ea500000,0x00000007eaa80000)
 ParOldGen       total 2097152K, used 1463744K [0x0000000700000000, 0x0000000780000000, 0x00000007aaa80000)
  object space 2097152K, 69% used [0x0000000700000000,0x0000000759570188,0x0000000780000000)
 PSPermGen       total 179200K, used 105069K [0x00000006f0000000, 0x00000006faf00000, 0x0000000700000000)
  object space 179200K, 58% used [0x00000006f0000000,0x00000006f669b4d0,0x00000006faf00000)
}

Deoptimization events (10 events):
Event: 3716.718 Thread 0x000000000219c000 Uncommon trap: reason=unhandled action=none pc=0x00000000040d5d64 method=sun.misc.FloatingDecimal.readJavaFormatString(Ljava/lang/String;)Lsun/misc/FloatingDecimal; @ 855
Event: 3717.730 Thread 0x000000000219c000 Uncommon trap: reason=unhandled action=none pc=0x000000000357933c method=java.lang.Integer.parseInt(Ljava/lang/String;I)I @ 204
Event: 3717.730 Thread 0x000000000219c000 Uncommon trap: reason=unhandled action=none pc=0x00000000040d5d64 method=sun.misc.FloatingDecimal.readJavaFormatString(Ljava/lang/String;)Lsun/misc/FloatingDecimal; @ 855
Event: 3718.727 Thread 0x000000000219c000 Uncommon trap: reason=unhandled action=none pc=0x000000000357933c method=java.lang.Integer.parseInt(Ljava/lang/String;I)I @ 204
Event: 3718.727 Thread 0x000000000219c000 Uncommon trap: reason=unhandled action=none pc=0x00000000040d5d64 method=sun.misc.FloatingDecimal.readJavaFormatString(Ljava/lang/String;)Lsun/misc/FloatingDecimal; @ 855
Event: 3719.765 Thread 0x000000000219c000 Uncommon trap: reason=unhandled action=none pc=0x000000000357933c method=java.lang.Integer.parseInt(Ljava/lang/String;I)I @ 204
Event: 3719.787 Thread 0x000000000219c000 Uncommon trap: reason=unhandled action=none pc=0x00000000040d5d64 method=sun.misc.FloatingDecimal.readJavaFormatString(Ljava/lang/String;)Lsun/misc/FloatingDecimal; @ 855
Event: 3720.568 Thread 0x000000000219c000 Uncommon trap: reason=unloaded action=reinterpret pc=0x00000000036f26e4 method=net.minecraft.client.Minecraft.checkGLError(Ljava/lang/String;)V @ 9
Event: 3720.731 Thread 0x000000000219c000 Uncommon trap: reason=unhandled action=none pc=0x000000000357933c method=java.lang.Integer.parseInt(Ljava/lang/String;I)I @ 204
Event: 3720.731 Thread 0x000000000219c000 Uncommon trap: reason=unhandled action=none pc=0x00000000040d5d64 method=sun.misc.FloatingDecimal.readJavaFormatString(Ljava/lang/String;)Lsun/misc/FloatingDecimal; @ 855

Internal exceptions (10 events):
Event: 3720.736 Thread 0x0000000014700800 Threw 0x00000007ae350c80 at C:\re\jdk7u55\869\hotspot\src\share\vm\prims\jvm.cpp:2965
Event: 3720.736 Thread 0x0000000014700800 Threw 0x00000007b0c023a0 at C:\re\jdk7u55\869\hotspot\src\share\vm\prims\jvm.cpp:2917
Event: 3720.741 Thread 0x0000000014700800 Threw 0x00000007b0c02510 at C:\re\jdk7u55\869\hotspot\src\share\vm\prims\jvm.cpp:2965
Event: 3720.777 Thread 0x0000000014700800 Threw 0x00000007b0c026d0 at C:\re\jdk7u55\869\hotspot\src\share\vm\prims\jvm.cpp:2965
Event: 3720.804 Thread 0x0000000014700800 Threw 0x00000007b0c02890 at C:\re\jdk7u55\869\hotspot\src\share\vm\prims\jvm.cpp:2965
Event: 3720.835 Thread 0x0000000014700800 Threw 0x00000007b0c02a50 at C:\re\jdk7u55\869\hotspot\src\share\vm\prims\jvm.cpp:2965
Event: 3720.842 Thread 0x0000000014700800 Threw 0x00000007b0c037e0 at C:\re\jdk7u55\869\hotspot\src\share\vm\prims\jvm.cpp:2965
Event: 3720.875 Thread 0x0000000014700800 Threw 0x00000007b0c039a0 at C:\re\jdk7u55\869\hotspot\src\share\vm\prims\jvm.cpp:2965
Event: 3720.902 Thread 0x0000000014700800 Threw 0x00000007b0c03b60 at C:\re\jdk7u55\869\hotspot\src\share\vm\prims\jvm.cpp:2965
Event: 3720.933 Thread 0x0000000014700800 Threw 0x00000007b0c03d20 at C:\re\jdk7u55\869\hotspot\src\share\vm\prims\jvm.cpp:2965

Events (10 events):
Event: 3720.835 Thread 0x0000000014700800 DEOPT PACKING pc=0x0000000003c16bdc sp=0x00000000449af180
Event: 3720.835 Thread 0x0000000014700800 DEOPT UNPACKING pc=0x00000000026492b9 sp=0x00000000449aee98 mode 1
Event: 3720.842 Thread 0x0000000014700800 DEOPT PACKING pc=0x0000000003c16bdc sp=0x00000000449af180
Event: 3720.842 Thread 0x0000000014700800 DEOPT UNPACKING pc=0x00000000026492b9 sp=0x00000000449aee98 mode 1
Event: 3720.875 Thread 0x0000000014700800 DEOPT PACKING pc=0x0000000003c16bdc sp=0x00000000449af180
Event: 3720.875 Thread 0x0000000014700800 DEOPT UNPACKING pc=0x00000000026492b9 sp=0x00000000449aee98 mode 1
Event: 3720.902 Thread 0x0000000014700800 DEOPT PACKING pc=0x0000000003c16bdc sp=0x00000000449af180
Event: 3720.902 Thread 0x0000000014700800 DEOPT UNPACKING pc=0x00000000026492b9 sp=0x00000000449aee98 mode 1
Event: 3720.933 Thread 0x0000000014700800 DEOPT PACKING pc=0x0000000003c16bdc sp=0x00000000449af180
Event: 3720.933 Thread 0x0000000014700800 DEOPT UNPACKING pc=0x00000000026492b9 sp=0x00000000449aee98 mode 1


Dynamic libraries:
0x000000013f560000 - 0x000000013f593000 	C:\Program Files\Java\jre7\bin\javaw.exe
0x0000000077ab0000 - 0x0000000077c59000 	C:\Windows\SYSTEM32\ntdll.dll
0x0000000077990000 - 0x0000000077aaf000 	C:\Windows\system32\kernel32.dll
0x000007fefdaf0000 - 0x000007fefdb5c000 	C:\Windows\system32\KERNELBASE.dll
0x000007feffaa0000 - 0x000007feffb7b000 	C:\Windows\system32\ADVAPI32.dll
0x000007fefe840000 - 0x000007fefe8df000 	C:\Windows\system32\msvcrt.dll
0x000007fefeb20000 - 0x000007fefeb3f000 	C:\Windows\SYSTEM32\sechost.dll
0x000007feffb80000 - 0x000007feffcad000 	C:\Windows\system32\RPCRT4.dll
0x0000000077890000 - 0x000000007798a000 	C:\Windows\system32\USER32.dll
0x000007feffcb0000 - 0x000007feffd17000 	C:\Windows\system32\GDI32.dll
0x000007fefe340000 - 0x000007fefe34e000 	C:\Windows\system32\LPK.dll
0x000007fefe150000 - 0x000007fefe219000 	C:\Windows\system32\USP10.dll
0x000007fefba80000 - 0x000007fefbc74000 	C:\Windows\WinSxS\amd64_microsoft.windows.common-controls_6595b64144ccf1df_6.0.7601.17514_none_fa396087175ac9ac\COMCTL32.dll
0x000007fefe2c0000 - 0x000007fefe331000 	C:\Windows\system32\SHLWAPI.dll
0x000007fefe8e0000 - 0x000007fefe90e000 	C:\Windows\system32\IMM32.DLL
0x000007fefe730000 - 0x000007fefe839000 	C:\Windows\system32\MSCTF.dll
0x0000000078f10000 - 0x0000000078fe2000 	C:\Program Files\Java\jre7\bin\msvcr100.dll
0x000000006e640000 - 0x000000006ee09000 	C:\Program Files\Java\jre7\bin\server\jvm.dll
0x000007fef4310000 - 0x000007fef4319000 	C:\Windows\system32\WSOCK32.dll
0x000007feffa50000 - 0x000007feffa9d000 	C:\Windows\system32\WS2_32.dll
0x000007fefdf00000 - 0x000007fefdf08000 	C:\Windows\system32\NSI.dll
0x000007fefaeb0000 - 0x000007fefaeeb000 	C:\Windows\system32\WINMM.dll
0x0000000077c70000 - 0x0000000077c77000 	C:\Windows\system32\PSAPI.DLL
0x0000000073120000 - 0x000000007312f000 	C:\Program Files\Java\jre7\bin\verify.dll
0x000000006c780000 - 0x000000006c7a8000 	C:\Program Files\Java\jre7\bin\java.dll
0x000000006d340000 - 0x000000006d375000 	C:\Program Files\Java\jre7\bin\jdwp.dll
0x000000006dc70000 - 0x000000006dc78000 	C:\Program Files\Java\jre7\bin\npt.dll
0x0000000000260000 - 0x0000000000275000 	C:\Program Files\Java\jre7\bin\zip.dll
0x000000006cc10000 - 0x000000006cc19000 	C:\Program Files\Java\jre7\bin\dt_socket.dll
0x000007fefc250000 - 0x000007fefc265000 	C:\Windows\system32\NLAapi.dll
0x000007fef8940000 - 0x000007fef8955000 	C:\Windows\system32\napinsp.dll
0x000007fef8920000 - 0x000007fef8939000 	C:\Windows\system32\pnrpnsp.dll
0x000007fefd050000 - 0x000007fefd0a5000 	C:\Windows\System32\mswsock.dll
0x000007fefced0000 - 0x000007fefcf2b000 	C:\Windows\system32\DNSAPI.dll
0x000007fef8910000 - 0x000007fef891b000 	C:\Windows\System32\winrnr.dll
0x000007fefc140000 - 0x000007fefc167000 	C:\Windows\system32\IPHLPAPI.DLL
0x000007fefc130000 - 0x000007fefc13b000 	C:\Windows\system32\WINNSI.DLL
0x000007fefbff0000 - 0x000007fefc043000 	C:\Windows\System32\fwpuclnt.dll
0x000007fef8e10000 - 0x000007fef8e18000 	C:\Windows\system32\rasadhlp.dll
0x000007fefca30000 - 0x000007fefca37000 	C:\Windows\System32\wshtcpip.dll
0x0000000068970000 - 0x000000006897b000 	C:\Program Files\Java\jre7\bin\management.dll
0x000000006dab0000 - 0x000000006dac9000 	C:\Program Files\Java\jre7\bin\net.dll
0x000007fefd040000 - 0x000007fefd047000 	C:\Windows\System32\wship6.dll
0x00000000022b0000 - 0x00000000022c1000 	C:\Program Files\Java\jre7\bin\nio.dll
0x000000006e300000 - 0x000000006e324000 	C:\Program Files\Java\jre7\bin\sunec.dll
0x0000000073110000 - 0x000000007311b000 	C:\Program Files\Java\jre7\bin\sunmscapi.dll
0x000007fefd8b0000 - 0x000007fefda1d000 	C:\Windows\system32\CRYPT32.dll
0x000007fefd880000 - 0x000007fefd88f000 	C:\Windows\system32\MSASN1.dll
0x000007fefd0b0000 - 0x000007fefd0c8000 	C:\Windows\system32\CRYPTSP.dll
0x000007fefcdb0000 - 0x000007fefcdf7000 	C:\Windows\system32\rsaenh.dll
0x000007fefd890000 - 0x000007fefd8ae000 	C:\Windows\system32\USERENV.dll
0x000007fefd870000 - 0x000007fefd87f000 	C:\Windows\system32\profapi.dll
0x000007fefd710000 - 0x000007fefd71f000 	C:\Windows\system32\CRYPTBASE.dll
0x000007fefbfc0000 - 0x000007fefbfd1000 	C:\Windows\system32\dhcpcsvc6.DLL
0x000007fefbf40000 - 0x000007fefbf58000 	C:\Windows\system32\dhcpcsvc.DLL
0x0000000180000000 - 0x0000000180051000 	C:\Users\Daniel\.gradle\caches\minecraft\net\minecraft\minecraft_natives\1.7.10\lwjgl64.dll
0x000007fee56d0000 - 0x000007fee57ed000 	C:\Windows\system32\OPENGL32.dll
0x000007fee57f0000 - 0x000007fee581d000 	C:\Windows\system32\GLU32.dll
0x000007fee55d0000 - 0x000007fee56c1000 	C:\Windows\system32\DDRAW.dll
0x000007feea8c0000 - 0x000007feea8c8000 	C:\Windows\system32\DCIMAN32.dll
0x000007fefdf70000 - 0x000007fefe147000 	C:\Windows\system32\SETUPAPI.dll
0x000007fefdbc0000 - 0x000007fefdbf6000 	C:\Windows\system32\CFGMGR32.dll
0x000007fefebe0000 - 0x000007fefecb7000 	C:\Windows\system32\OLEAUT32.dll
0x000007fefe910000 - 0x000007fefeb13000 	C:\Windows\system32\ole32.dll
0x000007fefdc00000 - 0x000007fefdc1a000 	C:\Windows\system32\DEVOBJ.dll
0x000007fef9ea0000 - 0x000007fef9eb8000 	C:\Windows\system32\dwmapi.dll
0x000007fefc910000 - 0x000007fefc91c000 	C:\Windows\system32\VERSION.dll
0x000000006c4d0000 - 0x000000006c665000 	C:\Program Files\Java\jre7\bin\awt.dll
0x000007fefb170000 - 0x000007fefb1c6000 	C:\Windows\system32\uxtheme.dll
0x000007fef5830000 - 0x000007fef5855000 	C:\Program Files (x86)\Raptr\ltc_help64-90652.dll
0x000007fefecc0000 - 0x000007feffa48000 	C:\Windows\system32\SHELL32.dll
0x000007fefdb80000 - 0x000007fefdbbb000 	C:\Windows\system32\WINTRUST.dll
0x000007fef5880000 - 0x000007fef58c1000 	C:\Program Files (x86)\Overwolf\0.81.34.0\x64\OWExplorer.dll
0x0000000078db0000 - 0x0000000078e48000 	C:\Windows\system32\MSVCP100.dll
0x000007fef59a0000 - 0x000007fef5ac5000 	C:\Windows\system32\dbghelp.dll
0x000007fef9ba0000 - 0x000007fef9bb8000 	C:\Windows\system32\atig6pxx.dll
0x0000000068ba0000 - 0x000000006a74e000 	C:\Windows\system32\atio6axx.dll
0x000007feed250000 - 0x000007feed388000 	C:\Windows\system32\atiadlxx.dll
0x000007fefc500000 - 0x000007fefc62c000 	C:\Windows\system32\PROPSYS.dll
0x000007fefc950000 - 0x000007fefc961000 	C:\Windows\system32\WTSAPI32.dll
0x000007fef8c10000 - 0x000007fef8c39000 	C:\Windows\system32\atig6txx.dll
0x000007fede1f0000 - 0x000007fede28c000 	C:\Windows\system32\mscms.dll
0x000007fedca20000 - 0x000007fedca62000 	C:\Windows\system32\icm32.dll
0x0000000070a40000 - 0x0000000070adc000 	C:\Users\Daniel\.gradle\caches\minecraft\net\minecraft\minecraft_natives\1.7.10\avutil-ttv-51.dll
0x0000000065980000 - 0x00000000659d6000 	C:\Users\Daniel\.gradle\caches\minecraft\net\minecraft\minecraft_natives\1.7.10\swresample-ttv-0.dll
0x0000000019400000 - 0x00000000194d0000 	C:\Users\Daniel\.gradle\caches\minecraft\net\minecraft\minecraft_natives\1.7.10\libmp3lame-ttv.dll
0x000007fed79e0000 - 0x000007fed8d84000 	C:\Users\Daniel\.gradle\caches\minecraft\net\minecraft\minecraft_natives\1.7.10\libmfxsw64.dll
0x000007feda600000 - 0x000007feda72b000 	C:\Users\Daniel\.gradle\caches\minecraft\net\minecraft\minecraft_natives\1.7.10\twitchsdk.dll
0x000007fefe4e0000 - 0x000007fefe728000 	C:\Windows\system32\WININET.dll
0x000007fefdb70000 - 0x000007fefdb74000 	C:\Windows\system32\api-ms-win-downlevel-user32-l1-1-0.dll
0x000007fefdae0000 - 0x000007fefdae4000 	C:\Windows\system32\api-ms-win-downlevel-shlwapi-l1-1-0.dll
0x000007fefdb60000 - 0x000007fefdb64000 	C:\Windows\system32\api-ms-win-downlevel-version-l1-1-0.dll
0x000007fefdc20000 - 0x000007fefdc23000 	C:\Windows\system32\api-ms-win-downlevel-normaliz-l1-1-0.dll
0x0000000077c80000 - 0x0000000077c83000 	C:\Windows\system32\normaliz.DLL
0x000007fefdc30000 - 0x000007fefdef7000 	C:\Windows\system32\iertutil.dll
0x000007fefdac0000 - 0x000007fefdac5000 	C:\Windows\system32\api-ms-win-downlevel-advapi32-l1-1-0.dll
0x000007feea8d0000 - 0x000007feea8e6000 	C:\Program Files (x86)\Overwolf\0.81.34.0\x64\OWLog.dll
0x000007fed9da0000 - 0x000007fed9f52000 	C:\Program Files (x86)\Overwolf\0.81.34.0\x64\OWClient.dll
0x0000000012430000 - 0x0000000012494000 	C:\Users\Daniel\.gradle\caches\minecraft\net\minecraft\minecraft_natives\1.7.10\OpenAL64.dll
0x000007fefeb40000 - 0x000007fefebd9000 	C:\Windows\system32\CLBCatQ.DLL
0x000007fefc670000 - 0x000007fefc6bb000 	C:\Windows\System32\MMDevApi.dll
0x000007fef4dd0000 - 0x000007fef4e58000 	C:\Windows\system32\dsound.dll
0x000007fefc920000 - 0x000007fefc94c000 	C:\Windows\system32\POWRPROF.dll
0x000007fefa720000 - 0x000007fefa76f000 	C:\Windows\system32\AUDIOSES.DLL
0x000000006cad0000 - 0x000000006cb17000 	C:\Program Files\Java\jre7\bin\fontmanager.dll
0x000007fef3bd0000 - 0x000007fef3dcf000 	C:\Windows\system32\d3d9.dll
0x000007fef3ff0000 - 0x000007fef3ff7000 	C:\Windows\system32\d3d8thk.dll
0x000007fef6560000 - 0x000007fef66ac000 	C:\Windows\system32\aticfx64.dll
0x000007fef3ba0000 - 0x000007fef3bc1000 	C:\Windows\system32\atiu9p64.dll
0x000007fef33a0000 - 0x000007fef3b96000 	C:\Windows\system32\atiumd64.dll
0x0000000062450000 - 0x0000000062c58000 	C:\Windows\system32\atiumd6a.dll
0x0000000012710000 - 0x0000000012751000 	C:\Program Files\Java\jre7\bin\t2k.dll

VM Arguments:
jvm_args: -agentlib:jdwp=transport=dt_socket,suspend=y,address=localhost:52634 -Dfml.ignoreInvalidMinecraftCertificates=true -Xms3G -Xmx4G -XX:MaxPermSize=256m -Dfile.encoding=Cp1252 
java_command: GradleStart --version 1.7 --tweakClass cpw.mods.fml.common.launcher.FMLTweaker --accessToken forgeTest --userProperties={} --username=blu.sunrize@yahoo.de --password=Dannyl1694 --assetIndex 1.7.10 --uuid=test-dannyl --assetsDir C:/Users/Daniel/.gradle/caches/minecraft/assets
Launcher Type: SUN_STANDARD

Environment Variables:
PATH=C:\Program Files (x86)\NVIDIA Corporation\PhysX\Common;C:\Program Files (x86)\Intel\iCLS Client\;C:\Program Files\Intel\iCLS Client\;C:\Windows\system32;C:\Windows;C:\Windows\System32\Wbem;C:\Windows\System32\WindowsPowerShell\v1.0\;C:\Program Files\Intel\Intel(R) Management Engine Components\DAL;C:\Program Files\Intel\Intel(R) Management Engine Components\IPT;C:\Program Files (x86)\Intel\Intel(R) Management Engine Components\DAL;C:\Program Files (x86)\Intel\Intel(R) Management Engine Components\IPT;C:\Program Files (x86)\ATI Technologies\ATI.ACE\Core-Static;C:\Program Files (x86)\Git\cmd;E:\Program Files\Csound6\bin;C:\Program Files (x86)\AMD\ATI.ACE\Core-Static
USERNAME=Daniel
OS=Windows_NT
PROCESSOR_IDENTIFIER=Intel64 Family 6 Model 60 Stepping 3, GenuineIntel



---------------  S Y S T E M  ---------------

OS: Windows 7 , 64 bit Build 7601 Service Pack 1

CPU:total 8 (4 cores per cpu, 2 threads per core) family 6 model 60 stepping 3, cmov, cx8, fxsr, mmx, sse, sse2, sse3, ssse3, sse4.1, sse4.2, popcnt, avx, avx2, aes, erms, ht, tsc, tscinvbit

Memory: 4k page, physical 8317520k(58468k free), swap 33268216k(3212k free)

vm_info: Java HotSpot(TM) 64-Bit Server VM (24.55-b03) for windows-amd64 JRE (1.7.0_55-b13), built on Mar 17 2014 19:45:30 by "java_re" with unknown MS VC++:1600

time: Sat Dec 20 11:27:39 2014
elapsed time: 3721 seconds

