#
# A fatal error has been detected by the Java Runtime Environment:
#
#  EXCEPTION_ACCESS_VIOLATION (0xc0000005) at pc=0x000000001982b87e, pid=7416, tid=2232
#
# JRE version: Java(TM) SE Runtime Environment (7.0_55-b13) (build 1.7.0_55-b13)
# Java VM: Java HotSpot(TM) 64-Bit Server VM (24.55-b03 mixed mode windows-amd64 compressed oops)
# Problematic frame:
# C  [atio6axx.dll+0x41b87e]
#
# Failed to write core dump. Minidumps are not enabled by default on client versions of Windows
#
# If you would like to submit a bug report, please visit:
#   http://bugreport.sun.com/bugreport/crash.jsp
# The crash happened outside the Java Virtual Machine in native code.
# See problematic frame for where to report the bug.
#

---------------  T H R E A D  ---------------

Current thread (0x000000000224c000):  JavaThread "Client thread" [_thread_in_native, id=2232, stack(0x00000000024d0000,0x00000000025d0000)]

siginfo: ExceptionCode=0xc0000005, reading address 0x0000000000000000

Registers:
RAX=0x0000000000000000, RBX=0x000000001c0ffd00, RCX=0x0000000000000008, RDX=0x0000000000000003
RSP=0x00000000025cdf90, RBP=0x0000000497b8ac50, RSI=0x000000001ae0c000, RDI=0x0000000497b8ac50
R8 =0x0000000000000042, R9 =0x0000000000000042, R10=0x00000000c0000017, R11=0x0000000000000286
R12=0x0000000000000000, R13=0x0000000000000090, R14=0x0000000497b8ac50, R15=0x0000000000000007
RIP=0x000000001982b87e, EFLAGS=0x0000000000010202

Top of Stack: (sp=0x00000000025cdf90)
0x00000000025cdf90:   0000000000000000 000000001c0ffd00
0x00000000025cdfa0:   0000000497b8ac50 000000001ae0c000
0x00000000025cdfb0:   0000000000000000 0000000000000000
0x00000000025cdfc0:   0000000000000004 000000001ae0c000
0x00000000025cdfd0:   000000001ae2e698 0000000019638e36
0x00000000025cdfe0:   0000000000000000 000000001ae0c040
0x00000000025cdff0:   0000000000000007 0000000000000004
0x00000000025ce000:   0000000020110040 0000000019939e8b
0x00000000025ce010:   0000000000000000 0000000000000000
0x00000000025ce020:   0000000000000000 000000ff00000000
0x00000000025ce030:   000000001ae2e698 0000000000000020
0x00000000025ce040:   0000000000000000 000000000224c000
0x00000000025ce050:   00000000025ce0d0 00000000025ce0e0
0x00000000025ce060:   0000000000000000 00000000028f9574
0x00000000025ce070:   0000000000000007 000007fee84cb640
0x00000000025ce080:   000007fee84cb590 0000000000000000 

Instructions: (pc=0x000000001982b87e)
0x000000001982b85e:   4e 28 48 8d 54 24 20 41 b8 18 00 00 00 e8 30 64
0x000000001982b86e:   e0 ff 48 8b 4c 24 28 48 8b 44 24 20 48 83 c1 08
0x000000001982b87e:   48 03 08 75 11 8d 51 03 44 8d 41 42 48 8b 0e e8
0x000000001982b88e:   1e 3f db ff eb 15 48 8d 05 05 e1 f9 ff c7 41 08 


Register to memory mapping:

RAX=0x0000000000000000 is an unknown value
RBX=0x000000001c0ffd00 is an unknown value
RCX=0x0000000000000008 is an unknown value
RDX=0x0000000000000003 is an unknown value
RSP=0x00000000025cdf90 is pointing into the stack for thread: 0x000000000224c000
RBP=0x0000000497b8ac50 is an unknown value
RSI=0x000000001ae0c000 is an unknown value
RDI=0x0000000497b8ac50 is an unknown value
R8 =0x0000000000000042 is an unknown value
R9 =0x0000000000000042 is an unknown value
R10=0x00000000c0000017 is an unknown value
R11=0x0000000000000286 is an unknown value
R12=0x0000000000000000 is an unknown value
R13=0x0000000000000090 is an unknown value
R14=0x0000000497b8ac50 is an unknown value
R15=0x0000000000000007 is an unknown value


Stack: [0x00000000024d0000,0x00000000025d0000],  sp=0x00000000025cdf90,  free space=1015k
Native frames: (J=compiled Java code, j=interpreted, Vv=VM code, C=native code)
C  [atio6axx.dll+0x41b87e]

Java frames: (J=compiled Java code, j=interpreted, Vv=VM code)
J  org.lwjgl.opengl.GL11.nglDrawArrays(IIIJ)V
J  net.minecraft.client.renderer.Tessellator.draw()I
J  net.minecraft.client.model.TexturedQuad.draw(Lnet/minecraft/client/renderer/Tessellator;F)V
J  net.minecraft.client.model.ModelRenderer.render(F)V
J  net.minecraft.client.model.ModelRenderer.render(F)V
J  net.minecraft.client.model.ModelRenderer.render(F)V
J  witchinggadgets.client.render.ModelPrimordialArmor.render(Lnet/minecraft/entity/Entity;FFFFFF)V
J  net.minecraft.client.renderer.entity.RendererLivingEntity.doRender(Lnet/minecraft/entity/EntityLivingBase;DDDFF)V
J  net.minecraft.client.renderer.entity.RenderPlayer.doRender(Lnet/minecraft/entity/Entity;DDDFF)V
J  net.minecraft.client.renderer.entity.RenderManager.renderEntityStatic(Lnet/minecraft/entity/Entity;FZ)Z
J  travellersgear.client.TileRenderArmorStand.renderTileEntityAt(Lnet/minecraft/tileentity/TileEntity;DDDF)V
J  net.minecraft.client.renderer.tileentity.TileEntityRendererDispatcher.renderTileEntityAt(Lnet/minecraft/tileentity/TileEntity;DDDF)V
J  net.minecraft.client.renderer.RenderGlobal.renderEntities(Lnet/minecraft/entity/EntityLivingBase;Lnet/minecraft/client/renderer/culling/ICamera;F)V
J  net.minecraft.client.renderer.EntityRenderer.renderWorld(FJ)V
J  net.minecraft.client.renderer.EntityRenderer.updateCameraAndRender(F)V
J  net.minecraft.client.Minecraft.runGameLoop()V
J  net.minecraft.client.Minecraft.run()V
j  net.minecraft.client.main.Main.main([Ljava/lang/String;)V+998
v  ~StubRoutines::call_stub
j  sun.reflect.NativeMethodAccessorImpl.invoke0(Ljava/lang/reflect/Method;Ljava/lang/Object;[Ljava/lang/Object;)Ljava/lang/Object;+0
j  sun.reflect.NativeMethodAccessorImpl.invoke(Ljava/lang/Object;[Ljava/lang/Object;)Ljava/lang/Object;+87
j  sun.reflect.DelegatingMethodAccessorImpl.invoke(Ljava/lang/Object;[Ljava/lang/Object;)Ljava/lang/Object;+6
j  java.lang.reflect.Method.invoke(Ljava/lang/Object;[Ljava/lang/Object;)Ljava/lang/Object;+57
j  net.minecraft.launchwrapper.Launch.launch([Ljava/lang/String;)V+664
j  net.minecraft.launchwrapper.Launch.main([Ljava/lang/String;)V+8
j  net.minecraftforge.gradle.GradleStartCommon.launch([Ljava/lang/String;)V+97
j  GradleStart.main([Ljava/lang/String;)V+11
v  ~StubRoutines::call_stub

---------------  P R O C E S S  ---------------

Java Threads: ( => current thread )
  0x000000001899d800 JavaThread "Client Shutdown Thread" [_thread_in_Java, id=7480, stack(0x000000049eab0000,0x000000049ebb0000)]
  0x0000000018999800 JavaThread "SIGTERM handler" daemon [_thread_blocked, id=5244, stack(0x000000049e670000,0x000000049e770000)]
  0x000000001899a800 JavaThread "AWT-Shutdown" [_thread_blocked, id=8788, stack(0x000000049e560000,0x000000049e660000)]
  0x000000001899c000 JavaThread "Thread-24" [_thread_blocked, id=8452, stack(0x000000007e810000,0x000000007e910000)]
  0x000000001899b000 JavaThread "Thread-23" [_thread_blocked, id=7872, stack(0x000000006e160000,0x000000006e260000)]
  0x0000000016b27000 JavaThread "Netty IO #3" daemon [_thread_in_native, id=2552, stack(0x000000006dce0000,0x000000006dde0000)]
  0x0000000016b26800 JavaThread "Netty Client IO #1" daemon [_thread_in_native, id=6096, stack(0x000000006da40000,0x000000006db40000)]
  0x0000000016b25800 JavaThread "Netty IO #2" daemon [_thread_in_native, id=5828, stack(0x000000006d860000,0x000000006d960000)]
  0x0000000016b25000 JavaThread "Server thread" [_thread_blocked, id=5224, stack(0x0000000047690000,0x0000000047790000)]
  0x0000000014379000 JavaThread "Snooper Timer" daemon [_thread_blocked, id=7920, stack(0x0000000015150000,0x0000000015250000)]
  0x0000000016b21000 JavaThread "File IO Thread" [_thread_blocked, id=5208, stack(0x0000000064900000,0x0000000064a00000)]
  0x0000000014378000 JavaThread "Chunk I/O Executor Thread-1" daemon [_thread_blocked, id=6952, stack(0x000000001de50000,0x000000001df50000)]
  0x0000000014377800 JavaThread "Netty IO #1" daemon [_thread_in_native, id=8704, stack(0x00000000244c0000,0x00000000245c0000)]
  0x0000000014376800 JavaThread "Netty Client IO #0" daemon [_thread_in_native, id=3680, stack(0x0000000045d80000,0x0000000045e80000)]
  0x0000000014376000 JavaThread "Netty IO #0" daemon [_thread_in_native, id=2612, stack(0x0000000045840000,0x0000000045940000)]
  0x0000000014371800 JavaThread "LWJGL Timer" daemon [_thread_blocked, id=8284, stack(0x0000000047790000,0x0000000047890000)]
  0x0000000014372000 JavaThread "AWT-Windows" daemon [_thread_in_native, id=8572, stack(0x000000001d610000,0x000000001d710000)]
  0x0000000016225800 JavaThread "Java2D Disposer" daemon [_thread_blocked, id=5776, stack(0x00000000170e0000,0x00000000171e0000)]
  0x0000000017724000 JavaThread "Timer hack thread" daemon [_thread_blocked, id=8472, stack(0x0000000016f60000,0x0000000017060000)]
  0x0000000014c67000 JavaThread "Snooper Timer" daemon [_thread_blocked, id=7876, stack(0x0000000015c40000,0x0000000015d40000)]
  0x00000000112df800 JavaThread "Service Thread" daemon [_thread_blocked, id=5016, stack(0x0000000013610000,0x0000000013710000)]
  0x00000000112de800 JavaThread "C2 CompilerThread1" daemon [_thread_blocked, id=1188, stack(0x0000000013510000,0x0000000013610000)]
  0x00000000112dd000 JavaThread "C2 CompilerThread0" daemon [_thread_blocked, id=7644, stack(0x00000000133c0000,0x00000000134c0000)]
  0x00000000112ca800 JavaThread "JDWP Command Reader" daemon [_thread_in_native, id=6972, stack(0x00000000131c0000,0x00000000132c0000)]
  0x00000000112c7800 JavaThread "JDWP Event Helper Thread" daemon [_thread_blocked, id=8464, stack(0x0000000012f50000,0x0000000013050000)]
  0x00000000112ba000 JavaThread "JDWP Transport Listener: dt_socket" daemon [_thread_blocked, id=9200, stack(0x0000000012d00000,0x0000000012e00000)]
  0x0000000010327800 JavaThread "Attach Listener" daemon [_thread_blocked, id=7568, stack(0x00000000127e0000,0x00000000128e0000)]
  0x0000000010327000 JavaThread "Signal Dispatcher" daemon [_thread_blocked, id=8496, stack(0x0000000012580000,0x0000000012680000)]
  0x0000000010311000 JavaThread "Finalizer" daemon [_thread_blocked, id=7136, stack(0x0000000012320000,0x0000000012420000)]
  0x0000000010310000 JavaThread "Reference Handler" daemon [_thread_blocked, id=8140, stack(0x0000000012450000,0x0000000012550000)]
=>0x000000000224c000 JavaThread "Client thread" [_thread_in_native, id=2232, stack(0x00000000024d0000,0x00000000025d0000)]

Other Threads:
  0x000000001030d000 VMThread [stack: 0x0000000012210000,0x0000000012310000] [id=5364]
  0x0000000011338000 WatcherThread [stack: 0x0000000013830000,0x0000000013930000] [id=7436]

VM state:not at safepoint (normal execution)

VM Mutex/Monitor currently owned by a thread: None

Heap
 PSYoungGen      total 1240576K, used 731421K [0x00000007aaa80000, 0x00000007f9580000, 0x0000000800000000)
  eden space 1238016K, 58% used [0x00000007aaa80000,0x00000007d7297560,0x00000007f6380000)
  from space 2560K, 87% used [0x00000007f8a00000,0x00000007f8c30000,0x00000007f8c80000)
  to   space 6656K, 0% used [0x00000007f8f00000,0x00000007f8f00000,0x00000007f9580000)
 ParOldGen       total 2097152K, used 1006909K [0x0000000700000000, 0x0000000780000000, 0x00000007aaa80000)
  object space 2097152K, 48% used [0x0000000700000000,0x000000073d74f748,0x0000000780000000)
 PSPermGen       total 155648K, used 100401K [0x00000006f0000000, 0x00000006f9800000, 0x0000000700000000)
  object space 155648K, 64% used [0x00000006f0000000,0x00000006f620c570,0x00000006f9800000)

Card table byte_map: [0x00000000055d0000,0x0000000005e60000] byte_map_base: 0x0000000001e50000

Polling page: 0x0000000000230000

Code Cache  [0x00000000025d0000, 0x0000000003e60000, 0x00000000055d0000)
 total_blobs=7757 nmethods=6543 adapters=1170 free_code_cache=24239Kb largest_free_block=24578304

Compilation events (10 events):
Event: 1403.639 Thread 0x00000000112dd000 7413             net.minecraft.client.gui.Gui::drawCenteredString (20 bytes)
Event: 1403.640 Thread 0x00000000112dd000 nmethod 7413 0x0000000003e42ad0 code [0x0000000003e42c20, 0x0000000003e42d38]
Event: 1406.436 Thread 0x00000000112de800 7414             net.minecraft.client.gui.GuiIngameMenu::drawScreen (39 bytes)
Event: 1406.438 Thread 0x00000000112de800 nmethod 7414 0x0000000003e4e7d0 code [0x0000000003e4e960, 0x0000000003e4ec40]
Event: 1407.022 Thread 0x00000000112dd000 7415             net.minecraft.server.integrated.IntegratedServer::getPublic (5 bytes)
Event: 1407.023 Thread 0x00000000112dd000 nmethod 7415 0x0000000003e17050 code [0x0000000003e17180, 0x0000000003e171d8]
Event: 1429.702 Thread 0x00000000112de800 7416             net.minecraft.client.renderer.entity.RenderPlayer::renderEquippedItems (1655 bytes)
Event: 1429.886 Thread 0x00000000112de800 nmethod 7416 0x0000000003e572d0 code [0x0000000003e57900, 0x0000000003e5a518]
Event: 1433.236 Thread 0x00000000112dd000 7417             com.cricketcraft.chisel.client.render.item.ItemChiselRenderer::renderItem (102 bytes)
Event: 1433.244 Thread 0x00000000112dd000 nmethod 7417 0x0000000003e4f610 code [0x0000000003e4f820, 0x0000000003e4fef0]

GC Heap History (10 events):
Event: 1391.086 GC heap before
{Heap before GC invocations=141 (full 8):
 PSYoungGen      total 1153024K, used 1152544K [0x00000007aaa80000, 0x00000007fa500000, 0x0000000800000000)
  eden space 1150464K, 100% used [0x00000007aaa80000,0x00000007f0e00000,0x00000007f0e00000)
  from space 2560K, 81% used [0x00000007fa280000,0x00000007fa488000,0x00000007fa500000)
  to   space 8192K, 0% used [0x00000007f9500000,0x00000007f9500000,0x00000007f9d00000)
 ParOldGen       total 2097152K, used 998053K [0x0000000700000000, 0x0000000780000000, 0x00000007aaa80000)
  object space 2097152K, 47% used [0x0000000700000000,0x000000073cea9748,0x0000000780000000)
 PSPermGen       total 155648K, used 100388K [0x00000006f0000000, 0x00000006f9800000, 0x0000000700000000)
  object space 155648K, 64% used [0x00000006f0000000,0x00000006f6209178,0x00000006f9800000)
Event: 1391.106 GC heap after
Heap after GC invocations=141 (full 8):
 PSYoungGen      total 1118720K, used 2048K [0x00000007aaa80000, 0x00000007fa300000, 0x0000000800000000)
  eden space 1116672K, 0% used [0x00000007aaa80000,0x00000007aaa80000,0x00000007eed00000)
  from space 2048K, 100% used [0x00000007f9500000,0x00000007f9700000,0x00000007f9700000)
  to   space 7680K, 0% used [0x00000007f9b80000,0x00000007f9b80000,0x00000007fa300000)
 ParOldGen       total 2097152K, used 999925K [0x0000000700000000, 0x0000000780000000, 0x00000007aaa80000)
  object space 2097152K, 47% used [0x0000000700000000,0x000000073d07d748,0x0000000780000000)
 PSPermGen       total 155648K, used 100388K [0x00000006f0000000, 0x00000006f9800000, 0x0000000700000000)
  object space 155648K, 64% used [0x00000006f0000000,0x00000006f6209178,0x00000006f9800000)
}
Event: 1401.326 GC heap before
{Heap before GC invocations=142 (full 8):
 PSYoungGen      total 1118720K, used 1118720K [0x00000007aaa80000, 0x00000007fa300000, 0x0000000800000000)
  eden space 1116672K, 100% used [0x00000007aaa80000,0x00000007eed00000,0x00000007eed00000)
  from space 2048K, 100% used [0x00000007f9500000,0x00000007f9700000,0x00000007f9700000)
  to   space 7680K, 0% used [0x00000007f9b80000,0x00000007f9b80000,0x00000007fa300000)
 ParOldGen       total 2097152K, used 999925K [0x0000000700000000, 0x0000000780000000, 0x00000007aaa80000)
  object space 2097152K, 47% used [0x0000000700000000,0x000000073d07d748,0x0000000780000000)
 PSPermGen       total 155648K, used 100388K [0x00000006f0000000, 0x00000006f9800000, 0x0000000700000000)
  object space 155648K, 64% used [0x00000006f0000000,0x00000006f6209178,0x00000006f9800000)
Event: 1401.348 GC heap after
Heap after GC invocations=142 (full 8):
 PSYoungGen      total 1086464K, used 1984K [0x00000007aaa80000, 0x00000007f9d80000, 0x0000000800000000)
  eden space 1084416K, 0% used [0x00000007aaa80000,0x00000007aaa80000,0x00000007ecd80000)
  from space 2048K, 96% used [0x00000007f9b80000,0x00000007f9d70000,0x00000007f9d80000)
  to   space 7680K, 0% used [0x00000007f8e80000,0x00000007f8e80000,0x00000007f9600000)
 ParOldGen       total 2097152K, used 1001757K [0x0000000700000000, 0x0000000780000000, 0x00000007aaa80000)
  object space 2097152K, 47% used [0x0000000700000000,0x000000073d247748,0x0000000780000000)
 PSPermGen       total 155648K, used 100388K [0x00000006f0000000, 0x00000006f9800000, 0x0000000700000000)
  object space 155648K, 64% used [0x00000006f0000000,0x00000006f6209178,0x00000006f9800000)
}
Event: 1411.183 GC heap before
{Heap before GC invocations=143 (full 8):
 PSYoungGen      total 1086464K, used 1086400K [0x00000007aaa80000, 0x00000007f9d80000, 0x0000000800000000)
  eden space 1084416K, 100% used [0x00000007aaa80000,0x00000007ecd80000,0x00000007ecd80000)
  from space 2048K, 96% used [0x00000007f9b80000,0x00000007f9d70000,0x00000007f9d80000)
  to   space 7680K, 0% used [0x00000007f8e80000,0x00000007f8e80000,0x00000007f9600000)
 ParOldGen       total 2097152K, used 1001757K [0x0000000700000000, 0x0000000780000000, 0x00000007aaa80000)
  object space 2097152K, 47% used [0x0000000700000000,0x000000073d247748,0x0000000780000000)
 PSPermGen       total 155648K, used 100388K [0x00000006f0000000, 0x00000006f9800000, 0x0000000700000000)
  object space 155648K, 64% used [0x00000006f0000000,0x00000006f6209178,0x00000006f9800000)
Event: 1411.203 GC heap after
Heap after GC invocations=143 (full 8):
 PSYoungGen      total 1055232K, used 1920K [0x00000007aaa80000, 0x00000007f9c00000, 0x0000000800000000)
  eden space 1053184K, 0% used [0x00000007aaa80000,0x00000007aaa80000,0x00000007eaf00000)
  from space 2048K, 93% used [0x00000007f8e80000,0x00000007f9060000,0x00000007f9080000)
  to   space 7168K, 0% used [0x00000007f9500000,0x00000007f9500000,0x00000007f9c00000)
 ParOldGen       total 2097152K, used 1003525K [0x0000000700000000, 0x0000000780000000, 0x00000007aaa80000)
  object space 2097152K, 47% used [0x0000000700000000,0x000000073d401748,0x0000000780000000)
 PSPermGen       total 155648K, used 100388K [0x00000006f0000000, 0x00000006f9800000, 0x0000000700000000)
  object space 155648K, 64% used [0x00000006f0000000,0x00000006f6209178,0x00000006f9800000)
}
Event: 1420.730 GC heap before
{Heap before GC invocations=144 (full 8):
 PSYoungGen      total 1055232K, used 1055104K [0x00000007aaa80000, 0x00000007f9c00000, 0x0000000800000000)
  eden space 1053184K, 100% used [0x00000007aaa80000,0x00000007eaf00000,0x00000007eaf00000)
  from space 2048K, 93% used [0x00000007f8e80000,0x00000007f9060000,0x00000007f9080000)
  to   space 7168K, 0% used [0x00000007f9500000,0x00000007f9500000,0x00000007f9c00000)
 ParOldGen       total 2097152K, used 1003525K [0x0000000700000000, 0x0000000780000000, 0x00000007aaa80000)
  object space 2097152K, 47% used [0x0000000700000000,0x000000073d401748,0x0000000780000000)
 PSPermGen       total 155648K, used 100388K [0x00000006f0000000, 0x00000006f9800000, 0x0000000700000000)
  object space 155648K, 64% used [0x00000006f0000000,0x00000006f6209178,0x00000006f9800000)
Event: 1420.753 GC heap after
Heap after GC invocations=144 (full 8):
 PSYoungGen      total 1279488K, used 1856K [0x00000007aaa80000, 0x00000007f9700000, 0x0000000800000000)
  eden space 1277440K, 0% used [0x00000007aaa80000,0x00000007aaa80000,0x00000007f8a00000)
  from space 2048K, 90% used [0x00000007f9500000,0x00000007f96d0000,0x00000007f9700000)
  to   space 6656K, 0% used [0x00000007f8a00000,0x00000007f8a00000,0x00000007f9080000)
 ParOldGen       total 2097152K, used 1005237K [0x0000000700000000, 0x0000000780000000, 0x00000007aaa80000)
  object space 2097152K, 47% used [0x0000000700000000,0x000000073d5ad748,0x0000000780000000)
 PSPermGen       total 155648K, used 100388K [0x00000006f0000000, 0x00000006f9800000, 0x0000000700000000)
  object space 155648K, 64% used [0x00000006f0000000,0x00000006f6209178,0x00000006f9800000)
}
Event: 1432.376 GC heap before
{Heap before GC invocations=145 (full 8):
 PSYoungGen      total 1279488K, used 1279296K [0x00000007aaa80000, 0x00000007f9700000, 0x0000000800000000)
  eden space 1277440K, 100% used [0x00000007aaa80000,0x00000007f8a00000,0x00000007f8a00000)
  from space 2048K, 90% used [0x00000007f9500000,0x00000007f96d0000,0x00000007f9700000)
  to   space 6656K, 0% used [0x00000007f8a00000,0x00000007f8a00000,0x00000007f9080000)
 ParOldGen       total 2097152K, used 1005237K [0x0000000700000000, 0x0000000780000000, 0x00000007aaa80000)
  object space 2097152K, 47% used [0x0000000700000000,0x000000073d5ad748,0x0000000780000000)
 PSPermGen       total 155648K, used 100388K [0x00000006f0000000, 0x00000006f9800000, 0x0000000700000000)
  object space 155648K, 64% used [0x00000006f0000000,0x00000006f6209178,0x00000006f9800000)
Event: 1432.399 GC heap after
Heap after GC invocations=145 (full 8):
 PSYoungGen      total 1240576K, used 2240K [0x00000007aaa80000, 0x00000007f9580000, 0x0000000800000000)
  eden space 1238016K, 0% used [0x00000007aaa80000,0x00000007aaa80000,0x00000007f6380000)
  from space 2560K, 87% used [0x00000007f8a00000,0x00000007f8c30000,0x00000007f8c80000)
  to   space 6656K, 0% used [0x00000007f8f00000,0x00000007f8f00000,0x00000007f9580000)
 ParOldGen       total 2097152K, used 1006909K [0x0000000700000000, 0x0000000780000000, 0x00000007aaa80000)
  object space 2097152K, 48% used [0x0000000700000000,0x000000073d74f748,0x0000000780000000)
 PSPermGen       total 155648K, used 100388K [0x00000006f0000000, 0x00000006f9800000, 0x0000000700000000)
  object space 155648K, 64% used [0x00000006f0000000,0x00000006f6209178,0x00000006f9800000)
}

Deoptimization events (10 events):
Event: 1314.562 Thread 0x000000000224c000 Uncommon trap: reason=class_check action=maybe_recompile pc=0x00000000030d5308 method=net.minecraft.world.ChunkCache.getBlockMetadata(III)I @ 104
Event: 1314.563 Thread 0x000000000224c000 Uncommon trap: reason=class_check action=maybe_recompile pc=0x00000000030d5308 method=net.minecraft.world.ChunkCache.getBlockMetadata(III)I @ 104
Event: 1315.239 Thread 0x000000000224c000 Uncommon trap: reason=class_check action=maybe_recompile pc=0x00000000030d5308 method=net.minecraft.world.ChunkCache.getBlockMetadata(III)I @ 104
Event: 1315.239 Thread 0x000000000224c000 Uncommon trap: reason=class_check action=maybe_recompile pc=0x00000000030d5308 method=net.minecraft.world.ChunkCache.getBlockMetadata(III)I @ 104
Event: 1438.494 Thread 0x000000001899d800 Uncommon trap: reason=class_check action=maybe_recompile pc=0x0000000002e4b1f8 method=org.apache.logging.log4j.core.Logger$PrivateConfig.filter(Lorg/apache/logging/log4j/Level;Lorg/apache/logging/log4j/Marker;Ljava/lang/String;)Z @ 4
Event: 1438.496 Thread 0x000000001899d800 Uncommon trap: reason=class_check action=maybe_recompile pc=0x0000000002e4b1f8 method=org.apache.logging.log4j.core.Logger$PrivateConfig.filter(Lorg/apache/logging/log4j/Level;Lorg/apache/logging/log4j/Marker;Ljava/lang/String;)Z @ 4
Event: 1438.501 Thread 0x0000000016b26800 Uncommon trap: reason=class_check action=maybe_recompile pc=0x0000000002e4b1f8 method=org.apache.logging.log4j.core.Logger$PrivateConfig.filter(Lorg/apache/logging/log4j/Level;Lorg/apache/logging/log4j/Marker;Ljava/lang/String;)Z @ 4
Event: 1438.510 Thread 0x000000001899d800 Uncommon trap: reason=class_check action=maybe_recompile pc=0x0000000002f1de6c method=org.apache.logging.log4j.core.Logger$PrivateConfig.filter(Lorg/apache/logging/log4j/Level;Lorg/apache/logging/log4j/Marker;Ljava/lang/String;)Z @ 4
Event: 1438.712 Thread 0x000000000224c000 Uncommon trap: reason=unloaded action=reinterpret pc=0x0000000003618da4 method=net.minecraft.client.Minecraft.checkGLError(Ljava/lang/String;)V @ 9
Event: 1438.716 Thread 0x000000000224c000 Uncommon trap: reason=class_check action=maybe_recompile pc=0x0000000002e4b1f8 method=org.apache.logging.log4j.core.Logger$PrivateConfig.filter(Lorg/apache/logging/log4j/Level;Lorg/apache/logging/log4j/Marker;Ljava/lang/String;)Z @ 4

Internal exceptions (10 events):
Event: 1438.521 Thread 0x000000001899b000 Threw 0x00000007d5746750 at C:\re\jdk7u55\869\hotspot\src\share\vm\prims\jvm.cpp:2965
Event: 1438.542 Thread 0x000000001899b000 Threw 0x00000007d5746910 at C:\re\jdk7u55\869\hotspot\src\share\vm\prims\jvm.cpp:2965
Event: 1438.565 Thread 0x000000001899b000 Threw 0x00000007d5746ad0 at C:\re\jdk7u55\869\hotspot\src\share\vm\prims\jvm.cpp:2965
Event: 1438.583 Thread 0x000000001899b000 Threw 0x00000007d5746c90 at C:\re\jdk7u55\869\hotspot\src\share\vm\prims\jvm.cpp:2965
Event: 1438.624 Thread 0x000000001899b000 Threw 0x00000007d6f90790 at C:\re\jdk7u55\869\hotspot\src\share\vm\prims\jvm.cpp:2965
Event: 1438.645 Thread 0x000000001899b000 Threw 0x00000007d6f90950 at C:\re\jdk7u55\869\hotspot\src\share\vm\prims\jvm.cpp:2965
Event: 1438.666 Thread 0x000000001899b000 Threw 0x00000007d6f90b10 at C:\re\jdk7u55\869\hotspot\src\share\vm\prims\jvm.cpp:2965
Event: 1438.687 Thread 0x000000001899b000 Threw 0x00000007d6f90cd0 at C:\re\jdk7u55\869\hotspot\src\share\vm\prims\jvm.cpp:2965
Event: 1438.716 Thread 0x000000001899b000 Threw 0x00000007d6f90e90 at C:\re\jdk7u55\869\hotspot\src\share\vm\prims\jvm.cpp:2965
Event: 1438.737 Thread 0x000000001899b000 Threw 0x00000007d6f91050 at C:\re\jdk7u55\869\hotspot\src\share\vm\prims\jvm.cpp:2965

Events (10 events):
Event: 1438.712 Thread 0x000000000224c000 Uncommon trap: trap_request=0x00000579 fr.pc=0x0000000003618da4
Event: 1438.714 Thread 0x000000000224c000 DEOPT PACKING pc=0x0000000003618da4 sp=0x00000000025ce9a0
Event: 1438.715 Thread 0x000000000224c000 DEOPT UNPACKING pc=0x00000000026075a4 sp=0x00000000025ce938 mode 2
Event: 1438.716 Thread 0x000000000224c000 Uncommon trap: trap_request=0xffffffde fr.pc=0x0000000002e4b1f8
Event: 1438.716 Thread 0x000000000224c000 DEOPT PACKING pc=0x0000000002e4b1f8 sp=0x00000000025ce880
Event: 1438.716 Thread 0x000000000224c000 DEOPT UNPACKING pc=0x00000000026075a4 sp=0x00000000025ce7d8 mode 2
Event: 1438.716 Thread 0x000000001899b000 DEOPT PACKING pc=0x0000000003b0c85c sp=0x000000006e25f480
Event: 1438.716 Thread 0x000000001899b000 DEOPT UNPACKING pc=0x00000000026092b9 sp=0x000000006e25f198 mode 1
Event: 1438.737 Thread 0x000000001899b000 DEOPT PACKING pc=0x0000000003b0c85c sp=0x000000006e25f480
Event: 1438.737 Thread 0x000000001899b000 DEOPT UNPACKING pc=0x00000000026092b9 sp=0x000000006e25f198 mode 1


Dynamic libraries:
0x000000013f360000 - 0x000000013f393000 	C:\Program Files\Java\jre7\bin\javaw.exe
0x0000000077640000 - 0x00000000777e9000 	C:\Windows\SYSTEM32\ntdll.dll
0x0000000077520000 - 0x000000007763f000 	C:\Windows\system32\kernel32.dll
0x000007fefd620000 - 0x000007fefd68c000 	C:\Windows\system32\KERNELBASE.dll
0x000007fefea40000 - 0x000007fefeb1b000 	C:\Windows\system32\ADVAPI32.dll
0x000007feff0f0000 - 0x000007feff18f000 	C:\Windows\system32\msvcrt.dll
0x000007fefd960000 - 0x000007fefd97f000 	C:\Windows\SYSTEM32\sechost.dll
0x000007fefef20000 - 0x000007feff04d000 	C:\Windows\system32\RPCRT4.dll
0x0000000077420000 - 0x000000007751a000 	C:\Windows\system32\USER32.dll
0x000007feff7c0000 - 0x000007feff827000 	C:\Windows\system32\GDI32.dll
0x000007fefd7c0000 - 0x000007fefd7ce000 	C:\Windows\system32\LPK.dll
0x000007feff190000 - 0x000007feff259000 	C:\Windows\system32\USP10.dll
0x000007fefba80000 - 0x000007fefbc74000 	C:\Windows\WinSxS\amd64_microsoft.windows.common-controls_6595b64144ccf1df_6.0.7601.17514_none_fa396087175ac9ac\COMCTL32.dll
0x000007feff8d0000 - 0x000007feff941000 	C:\Windows\system32\SHLWAPI.dll
0x000007fefea10000 - 0x000007fefea3e000 	C:\Windows\system32\IMM32.DLL
0x000007fefee10000 - 0x000007fefef19000 	C:\Windows\system32\MSCTF.dll
0x0000000068f70000 - 0x0000000069042000 	C:\Program Files\Java\jre7\bin\msvcr100.dll
0x000000006e750000 - 0x000000006ef19000 	C:\Program Files\Java\jre7\bin\server\jvm.dll
0x000007fef4210000 - 0x000007fef4219000 	C:\Windows\system32\WSOCK32.dll
0x000007fefd9e0000 - 0x000007fefda2d000 	C:\Windows\system32\WS2_32.dll
0x000007feff550000 - 0x000007feff558000 	C:\Windows\system32\NSI.dll
0x000007fefafd0000 - 0x000007fefb00b000 	C:\Windows\system32\WINMM.dll
0x0000000077800000 - 0x0000000077807000 	C:\Windows\system32\PSAPI.DLL
0x0000000068f60000 - 0x0000000068f6f000 	C:\Program Files\Java\jre7\bin\verify.dll
0x000000006d150000 - 0x000000006d178000 	C:\Program Files\Java\jre7\bin\java.dll
0x000000006d2f0000 - 0x000000006d325000 	C:\Program Files\Java\jre7\bin\jdwp.dll
0x000000006e110000 - 0x000000006e118000 	C:\Program Files\Java\jre7\bin\npt.dll
0x0000000068f40000 - 0x0000000068f55000 	C:\Program Files\Java\jre7\bin\zip.dll
0x000000006c2f0000 - 0x000000006c2f9000 	C:\Program Files\Java\jre7\bin\dt_socket.dll
0x000007fefae40000 - 0x000007fefae55000 	C:\Windows\system32\NLAapi.dll
0x000007fef83e0000 - 0x000007fef83f5000 	C:\Windows\system32\napinsp.dll
0x000007fef83c0000 - 0x000007fef83d9000 	C:\Windows\system32\pnrpnsp.dll
0x000007fefcbe0000 - 0x000007fefcc35000 	C:\Windows\System32\mswsock.dll
0x000007fefca60000 - 0x000007fefcabb000 	C:\Windows\system32\DNSAPI.dll
0x000007fef83b0000 - 0x000007fef83bb000 	C:\Windows\System32\winrnr.dll
0x000007fefac70000 - 0x000007fefac97000 	C:\Windows\system32\IPHLPAPI.DLL
0x000007fefac60000 - 0x000007fefac6b000 	C:\Windows\system32\WINNSI.DLL
0x000007fefab20000 - 0x000007fefab73000 	C:\Windows\System32\fwpuclnt.dll
0x000007fef89a0000 - 0x000007fef89a8000 	C:\Windows\system32\rasadhlp.dll
0x000007fefc5c0000 - 0x000007fefc5c7000 	C:\Windows\System32\wshtcpip.dll
0x0000000075040000 - 0x000000007504b000 	C:\Program Files\Java\jre7\bin\management.dll
0x000000006dc10000 - 0x000000006dc29000 	C:\Program Files\Java\jre7\bin\net.dll
0x000007fefcbd0000 - 0x000007fefcbd7000 	C:\Windows\System32\wship6.dll
0x000000006e050000 - 0x000000006e061000 	C:\Program Files\Java\jre7\bin\nio.dll
0x000000006dc70000 - 0x000000006dc94000 	C:\Program Files\Java\jre7\bin\sunec.dll
0x000000006df30000 - 0x000000006df3b000 	C:\Program Files\Java\jre7\bin\sunmscapi.dll
0x000007fefd420000 - 0x000007fefd58d000 	C:\Windows\system32\CRYPT32.dll
0x000007fefd400000 - 0x000007fefd40f000 	C:\Windows\system32\MSASN1.dll
0x000007fefcc40000 - 0x000007fefcc58000 	C:\Windows\system32\CRYPTSP.dll
0x000007fefc940000 - 0x000007fefc987000 	C:\Windows\system32\rsaenh.dll
0x000007fefd5a0000 - 0x000007fefd5be000 	C:\Windows\system32\USERENV.dll
0x000007fefd410000 - 0x000007fefd41f000 	C:\Windows\system32\profapi.dll
0x000007fefd2a0000 - 0x000007fefd2af000 	C:\Windows\system32\CRYPTBASE.dll
0x000007fefaa70000 - 0x000007fefaa81000 	C:\Windows\system32\dhcpcsvc6.DLL
0x000007fefa9f0000 - 0x000007fefaa08000 	C:\Windows\system32\dhcpcsvc.DLL
0x0000000180000000 - 0x0000000180051000 	C:\Users\Daniel\.gradle\caches\minecraft\net\minecraft\minecraft_natives\1.7.10\lwjgl64.dll
0x000007fee83f0000 - 0x000007fee850d000 	C:\Windows\system32\OPENGL32.dll
0x000007fee83c0000 - 0x000007fee83ed000 	C:\Windows\system32\GLU32.dll
0x000007fee8290000 - 0x000007fee8381000 	C:\Windows\system32\DDRAW.dll
0x000007fef5700000 - 0x000007fef5708000 	C:\Windows\system32\DCIMAN32.dll
0x000007feff560000 - 0x000007feff737000 	C:\Windows\system32\SETUPAPI.dll
0x000007fefd780000 - 0x000007fefd7b6000 	C:\Windows\system32\CFGMGR32.dll
0x000007feff470000 - 0x000007feff547000 	C:\Windows\system32\OLEAUT32.dll
0x000007feff260000 - 0x000007feff463000 	C:\Windows\system32\ole32.dll
0x000007fefd5e0000 - 0x000007fefd5fa000 	C:\Windows\system32\DEVOBJ.dll
0x000007fefb5e0000 - 0x000007fefb5f8000 	C:\Windows\system32\dwmapi.dll
0x000007fefc4d0000 - 0x000007fefc4dc000 	C:\Windows\system32\VERSION.dll
0x0000000064a20000 - 0x0000000064bb5000 	C:\Program Files\Java\jre7\bin\awt.dll
0x000007fefba20000 - 0x000007fefba76000 	C:\Windows\system32\uxtheme.dll
0x000007fee81b0000 - 0x000007fee81d5000 	C:\Program Files (x86)\Raptr\ltc_help64-90652.dll
0x000007fefda30000 - 0x000007fefe7b8000 	C:\Windows\system32\SHELL32.dll
0x000007fefd690000 - 0x000007fefd6cb000 	C:\Windows\system32\WINTRUST.dll
0x000007fee9440000 - 0x000007fee9458000 	C:\Windows\system32\atig6pxx.dll
0x0000000019410000 - 0x000000001afbe000 	C:\Windows\system32\atio6axx.dll
0x000007feecea0000 - 0x000007feecfd8000 	C:\Windows\system32\atiadlxx.dll
0x000007fefc0d0000 - 0x000007fefc1fc000 	C:\Windows\system32\PROPSYS.dll
0x000007fefc4e0000 - 0x000007fefc4f1000 	C:\Windows\system32\WTSAPI32.dll
0x000007fee8260000 - 0x000007fee8289000 	C:\Windows\system32\atig6txx.dll
0x000007fedfbf0000 - 0x000007fedfc8c000 	C:\Windows\system32\mscms.dll
0x000007fedfb50000 - 0x000007fedfb92000 	C:\Windows\system32\icm32.dll
0x0000000070a40000 - 0x0000000070adc000 	C:\Users\Daniel\.gradle\caches\minecraft\net\minecraft\minecraft_natives\1.7.10\avutil-ttv-51.dll
0x0000000065980000 - 0x00000000659d6000 	C:\Users\Daniel\.gradle\caches\minecraft\net\minecraft\minecraft_natives\1.7.10\swresample-ttv-0.dll
0x0000000015d40000 - 0x0000000015e10000 	C:\Users\Daniel\.gradle\caches\minecraft\net\minecraft\minecraft_natives\1.7.10\libmp3lame-ttv.dll
0x000007fed6640000 - 0x000007fed79e4000 	C:\Users\Daniel\.gradle\caches\minecraft\net\minecraft\minecraft_natives\1.7.10\libmfxsw64.dll
0x000007fed9a00000 - 0x000007fed9b2b000 	C:\Users\Daniel\.gradle\caches\minecraft\net\minecraft\minecraft_natives\1.7.10\twitchsdk.dll
0x000007fefe7c0000 - 0x000007fefea08000 	C:\Windows\system32\WININET.dll
0x000007fefd600000 - 0x000007fefd604000 	C:\Windows\system32\api-ms-win-downlevel-user32-l1-1-0.dll
0x000007fefd770000 - 0x000007fefd774000 	C:\Windows\system32\api-ms-win-downlevel-shlwapi-l1-1-0.dll
0x000007fefd590000 - 0x000007fefd594000 	C:\Windows\system32\api-ms-win-downlevel-version-l1-1-0.dll
0x000007fefd610000 - 0x000007fefd613000 	C:\Windows\system32\api-ms-win-downlevel-normaliz-l1-1-0.dll
0x0000000077810000 - 0x0000000077813000 	C:\Windows\system32\normaliz.DLL
0x000007fefeb20000 - 0x000007fefede7000 	C:\Windows\system32\iertutil.dll
0x000007fefd5d0000 - 0x000007fefd5d5000 	C:\Windows\system32\api-ms-win-downlevel-advapi32-l1-1-0.dll
0x0000000012680000 - 0x00000000126e4000 	C:\Users\Daniel\.gradle\caches\minecraft\net\minecraft\minecraft_natives\1.7.10\OpenAL64.dll
0x000007feff050000 - 0x000007feff0e9000 	C:\Windows\system32\CLBCatQ.DLL
0x000007fefc200000 - 0x000007fefc24b000 	C:\Windows\System32\MMDevApi.dll
0x000007fef4cd0000 - 0x000007fef4d58000 	C:\Windows\system32\dsound.dll
0x000007fefc4a0000 - 0x000007fefc4cc000 	C:\Windows\system32\POWRPROF.dll
0x000007fefad40000 - 0x000007fefad8f000 	C:\Windows\system32\AUDIOSES.DLL
0x0000000073dd0000 - 0x0000000073e17000 	C:\Program Files\Java\jre7\bin\fontmanager.dll
0x0000000073d80000 - 0x0000000073dc1000 	C:\Program Files\Java\jre7\bin\t2k.dll

VM Arguments:
jvm_args: -agentlib:jdwp=transport=dt_socket,suspend=y,address=localhost:53741 -Dfml.ignoreInvalidMinecraftCertificates=true -Dfml.coreMods.load=witchinggadgets.asm.WitchingGadgetsCoreLoader -Xms3G -Xmx4G -XX:MaxPermSize=256m -Dfile.encoding=Cp1252 
java_command: GradleStart --version 1.7 --tweakClass cpw.mods.fml.common.launcher.FMLTweaker --accessToken forgeTest --userProperties={} --username=blu.sunrize@yahoo.de --password=Dannyl1694 --assetIndex 1.7.10 --uuid=test-dannyl --assetsDir C:/Users/Daniel/.gradle/caches/minecraft/assets
Launcher Type: SUN_STANDARD

Environment Variables:
PATH=C:\Program Files (x86)\NVIDIA Corporation\PhysX\Common;C:\Program Files (x86)\Intel\iCLS Client\;C:\Program Files\Intel\iCLS Client\;C:\Windows\system32;C:\Windows;C:\Windows\System32\Wbem;C:\Windows\System32\WindowsPowerShell\v1.0\;C:\Program Files\Intel\Intel(R) Management Engine Components\DAL;C:\Program Files\Intel\Intel(R) Management Engine Components\IPT;C:\Program Files (x86)\Intel\Intel(R) Management Engine Components\DAL;C:\Program Files (x86)\Intel\Intel(R) Management Engine Components\IPT;C:\Program Files (x86)\ATI Technologies\ATI.ACE\Core-Static;C:\Program Files (x86)\Git\cmd;E:\Program Files\Csound6\bin;C:\Program Files (x86)\AMD\ATI.ACE\Core-Static
USERNAME=Daniel
OS=Windows_NT
PROCESSOR_IDENTIFIER=Intel64 Family 6 Model 60 Stepping 3, GenuineIntel



---------------  S Y S T E M  ---------------

OS: Windows 7 , 64 bit Build 7601 Service Pack 1

CPU:total 8 (4 cores per cpu, 2 threads per core) family 6 model 60 stepping 3, cmov, cx8, fxsr, mmx, sse, sse2, sse3, ssse3, sse4.1, sse4.2, popcnt, avx, avx2, aes, erms, ht, tsc, tscinvbit

Memory: 4k page, physical 8317520k(119612k free), swap 33268216k(4864k free)

vm_info: Java HotSpot(TM) 64-Bit Server VM (24.55-b03) for windows-amd64 JRE (1.7.0_55-b13), built on Mar 17 2014 19:45:30 by "java_re" with unknown MS VC++:1600

time: Mon Jan 12 11:39:22 2015
elapsed time: 1438 seconds

